#
# There is insufficient memory for the Java Runtime Environment to continue.
# Native memory allocation (mmap) failed to map 239075328 bytes for G1 virtual space
# Possible reasons:
#   The system is out of physical RAM or swap space
#   The process is running with CompressedOops enabled, and the Java Heap may be blocking the growth of the native heap
# Possible solutions:
#   Reduce memory load on the system
#   Increase physical memory or swap space
#   Check if swap backing store is full
#   Decrease Java heap size (-Xmx/-Xms)
#   Decrease number of Java threads
#   Decrease Java thread stack sizes (-Xss)
#   Set larger code cache with -XX:ReservedCodeCacheSize=
#   JVM is running with Zero Based Compressed Oops mode in which the Java heap is
#     placed in the first 32GB address space. The Java Heap base address is the
#     maximum limit for the native heap growth. Please use -XX:HeapBaseMinAddress
#     to set the Java Heap base and to place the Java Heap above 32GB virtual address.
# This output file may be truncated or incomplete.
#
#  Out of Memory Error (os_windows.cpp:3600), pid=30356, tid=8844
#
# JRE version: OpenJDK Runtime Environment Temurin-21.0.2+13 (21.0.2+13) (build 21.0.2+13-LTS)
# Java VM: OpenJDK 64-Bit Server VM Temurin-21.0.2+13 (21.0.2+13-LTS, mixed mode, sharing, tiered, compressed oops, compressed class ptrs, g1 gc, windows-amd64)
# No core dump will be written. Minidumps are not enabled by default on client versions of Windows
#

---------------  S U M M A R Y ------------

Command Line: -XX:+ShowCodeDetailsInExceptionMessages --module-path=E:\Code\JavaNew\doAnSuperReal\bin;E:\Code\JavaNew\doAnSuperReal\src\lib\jcalendar-1.4.jar;E:\Code\JavaNew\doAnSuperReal\src\lib\jgoodies-common-1.2.0.jar;E:\Code\JavaNew\doAnSuperReal\src\lib\jgoodies-looks-2.4.1.jar;E:\Code\JavaNew\doAnSuperReal\src\lib\junit-4.6.jar;E:\Code\JavaNew\doAnSuperReal\src\lib\mysql-connector-java-8.0.30.jar;E:\Code\JavaNew\doAnSuperReal\src\lib\protobuf-java-3.19.4.jar -Djdk.module.main=projectJava projectJava/test.test

Host: 11th Gen Intel(R) Core(TM) i5-11400H @ 2.70GHz, 12 cores, 15G,  Windows 11 , 64 bit Build 22621 (10.0.22621.3374)
Time: Tue Apr 23 19:23:50 2024 SE Asia Standard Time elapsed time: 13.614091 seconds (0d 0h 0m 13s)

---------------  T H R E A D  ---------------

Current thread (0x00000214ba96ed60):  VMThread "VM Thread"          [id=8844, stack(0x0000001fd3200000,0x0000001fd3300000) (1024K)]

Stack: [0x0000001fd3200000,0x0000001fd3300000]
Native frames: (J=compiled Java code, j=interpreted, Vv=VM code, C=native code)
V  [jvm.dll+0x6c94f9]
V  [jvm.dll+0x8a3c21]
V  [jvm.dll+0x8a614e]
V  [jvm.dll+0x8a6823]
V  [jvm.dll+0x27fa86]
V  [jvm.dll+0x6c5c75]
V  [jvm.dll+0x6ba96a]
V  [jvm.dll+0x35398a]
V  [jvm.dll+0x35b536]
V  [jvm.dll+0x3ac6be]
V  [jvm.dll+0x3ac968]
V  [jvm.dll+0x327bcc]
V  [jvm.dll+0x32a416]
V  [jvm.dll+0x334536]
V  [jvm.dll+0x369aaf]
V  [jvm.dll+0x8ac12f]
V  [jvm.dll+0x8ad234]
V  [jvm.dll+0x8ad770]
V  [jvm.dll+0x8ada13]
V  [jvm.dll+0x84cb3b]
V  [jvm.dll+0x6c7c2d]
C  [ucrtbase.dll+0x29333]
C  [KERNEL32.DLL+0x1257d]
C  [ntdll.dll+0x5aa48]

VM_Operation (0x0000001fd2dff400): G1PauseRemark, mode: safepoint, requested by thread 0x000002149b7ef130


---------------  P R O C E S S  ---------------

Threads class SMR info:
_java_thread_list=0x0000021481d24dd0, length=19, elements={
0x00000214ba987a00, 0x00000214ba988a10, 0x00000214ba9898c0, 0x00000214ba98c550,
0x00000214ba994710, 0x00000214ba9939f0, 0x00000214ba9a2500, 0x00000214ba9a3ce0,
0x00000214ba991290, 0x00000214ba992cd0, 0x00000214ba991920, 0x00000214ba994080,
0x00000214ba991fb0, 0x00000214ba992640, 0x0000021480871e20, 0x00000214808724b0,
0x00000214808703e0, 0x000002148086fd50, 0x0000021480874580
}

Java Threads: ( => current thread )
  0x00000214ba987a00 JavaThread "Reference Handler"          daemon [_thread_blocked, id=25968, stack(0x0000001fd3300000,0x0000001fd3400000) (1024K)]
  0x00000214ba988a10 JavaThread "Finalizer"                  daemon [_thread_blocked, id=2056, stack(0x0000001fd3400000,0x0000001fd3500000) (1024K)]
  0x00000214ba9898c0 JavaThread "Signal Dispatcher"          daemon [_thread_blocked, id=26376, stack(0x0000001fd3500000,0x0000001fd3600000) (1024K)]
  0x00000214ba98c550 JavaThread "Attach Listener"            daemon [_thread_blocked, id=23400, stack(0x0000001fd3600000,0x0000001fd3700000) (1024K)]
  0x00000214ba994710 JavaThread "Service Thread"             daemon [_thread_blocked, id=25292, stack(0x0000001fd3700000,0x0000001fd3800000) (1024K)]
  0x00000214ba9939f0 JavaThread "Monitor Deflation Thread"   daemon [_thread_blocked, id=28696, stack(0x0000001fd3800000,0x0000001fd3900000) (1024K)]
  0x00000214ba9a2500 JavaThread "C2 CompilerThread0"         daemon [_thread_blocked, id=12312, stack(0x0000001fd3900000,0x0000001fd3a00000) (1024K)]
  0x00000214ba9a3ce0 JavaThread "C1 CompilerThread0"         daemon [_thread_blocked, id=23096, stack(0x0000001fd3a00000,0x0000001fd3b00000) (1024K)]
  0x00000214ba991290 JavaThread "Common-Cleaner"             daemon [_thread_blocked, id=21072, stack(0x0000001fd3b00000,0x0000001fd3c00000) (1024K)]
  0x00000214ba992cd0 JavaThread "Notification Thread"        daemon [_thread_blocked, id=21608, stack(0x0000001fd3e00000,0x0000001fd3f00000) (1024K)]
  0x00000214ba991920 JavaThread "Java2D Disposer"            daemon [_thread_blocked, id=20376, stack(0x0000001fd3f00000,0x0000001fd4000000) (1024K)]
  0x00000214ba994080 JavaThread "AWT-Shutdown"                      [_thread_blocked, id=24152, stack(0x0000001fd4000000,0x0000001fd4100000) (1024K)]
  0x00000214ba991fb0 JavaThread "AWT-Windows"                daemon [_thread_in_native, id=12192, stack(0x0000001fd4100000,0x0000001fd4200000) (1024K)]
  0x00000214ba992640 JavaThread "AWT-EventQueue-0"                  [_thread_blocked, id=29032, stack(0x0000001fd4300000,0x0000001fd4400000) (1024K)]
  0x0000021480871e20 JavaThread "DestroyJavaVM"                     [_thread_blocked, id=7556, stack(0x0000001fd2b00000,0x0000001fd2c00000) (1024K)]
  0x00000214808724b0 JavaThread "TimerQueue"                 daemon [_thread_blocked, id=24532, stack(0x0000001fd4700000,0x0000001fd4800000) (1024K)]
  0x00000214808703e0 JavaThread "mysql-cj-abandoned-connection-cleanup" daemon [_thread_blocked, id=14360, stack(0x0000001fd4e00000,0x0000001fd4f00000) (1024K)]
  0x000002148086fd50 JavaThread "Image Fetcher 0"            daemon [_thread_blocked, id=21212, stack(0x0000001fd4f00000,0x0000001fd5000000) (1024K)]
  0x0000021480874580 JavaThread "Image Fetcher 1"            daemon [_thread_blocked, id=9116, stack(0x0000001fd5100000,0x0000001fd5200000) (1024K)]
Total: 19

Other Threads:
=>0x00000214ba96ed60 VMThread "VM Thread"                           [id=8844, stack(0x0000001fd3200000,0x0000001fd3300000) (1024K)]
  0x00000214ba956940 WatcherThread "VM Periodic Task Thread"        [id=30280, stack(0x0000001fd3100000,0x0000001fd3200000) (1024K)]
  0x000002149b7de3e0 WorkerThread "GC Thread#0"                     [id=14568, stack(0x0000001fd2c00000,0x0000001fd2d00000) (1024K)]
  0x00000214807bf400 WorkerThread "GC Thread#1"                     [id=20436, stack(0x0000001fd3c00000,0x0000001fd3d00000) (1024K)]
  0x00000214807bf7a0 WorkerThread "GC Thread#2"                     [id=22640, stack(0x0000001fd3d00000,0x0000001fd3e00000) (1024K)]
  0x00000214807bfb40 WorkerThread "GC Thread#3"                     [id=25864, stack(0x0000001fd4200000,0x0000001fd4300000) (1024K)]
  0x00000214807bfee0 WorkerThread "GC Thread#4"                     [id=21740, stack(0x0000001fd4800000,0x0000001fd4900000) (1024K)]
  0x00000214807c0280 WorkerThread "GC Thread#5"                     [id=21896, stack(0x0000001fd4900000,0x0000001fd4a00000) (1024K)]
  0x0000021480bc8a30 WorkerThread "GC Thread#6"                     [id=2168, stack(0x0000001fd4a00000,0x0000001fd4b00000) (1024K)]
  0x0000021480b8f2c0 WorkerThread "GC Thread#7"                     [id=29400, stack(0x0000001fd4b00000,0x0000001fd4c00000) (1024K)]
  0x00000214806fcff0 WorkerThread "GC Thread#8"                     [id=3368, stack(0x0000001fd4c00000,0x0000001fd4d00000) (1024K)]
  0x00000214806fb690 WorkerThread "GC Thread#9"                     [id=28208, stack(0x0000001fd4d00000,0x0000001fd4e00000) (1024K)]
  0x000002149b7ef130 ConcurrentGCThread "G1 Main Marker"            [id=17724, stack(0x0000001fd2d00000,0x0000001fd2e00000) (1024K)]
  0x000002149b7efc30 WorkerThread "G1 Conc#0"                       [id=23792, stack(0x0000001fd2e00000,0x0000001fd2f00000) (1024K)]
  0x00000214806fcc50 WorkerThread "G1 Conc#1"                       [id=16248, stack(0x0000001fd5000000,0x0000001fd5100000) (1024K)]
  0x00000214806fc510 WorkerThread "G1 Conc#2"                       [id=26484, stack(0x0000001fd5200000,0x0000001fd5300000) (1024K)]
  0x00000214ba829ea0 ConcurrentGCThread "G1 Refine#0"               [id=30180, stack(0x0000001fd2f00000,0x0000001fd3000000) (1024K)]
  0x00000214ba82a820 ConcurrentGCThread "G1 Service"                [id=9524, stack(0x0000001fd3000000,0x0000001fd3100000) (1024K)]
Total: 18

Threads with active compile tasks:
Total: 0

VM state: at safepoint (normal execution)

VM Mutex/Monitor currently owned by a thread:  ([mutex/lock_event])
[0x00007ffb30283198] Threads_lock - owner thread: 0x00000214ba96ed60
[0x00007ffb30283298] Heap_lock - owner thread: 0x000002149b7ef130

Heap address: 0x0000000704400000, size: 4028 MB, Compressed Oops mode: Zero based, Oop shift amount: 3

CDS archive(s) mapped at: [0x00000214bb000000-0x00000214bbc90000-0x00000214bbc90000), size 13172736, SharedBaseAddress: 0x00000214bb000000, ArchiveRelocationMode: 1.
Compressed class space mapped at: 0x00000214bc000000-0x00000214fc000000, reserved size: 1073741824
Narrow klass base: 0x00000214bb000000, Narrow klass shift: 0, Narrow klass range: 0x100000000

GC Precious Log:
 CardTable entry size: 512
 Card Set container configuration: InlinePtr #cards 4 size 8 Array Of Cards #cards 16 size 48 Howl #buckets 8 coarsen threshold 3686 Howl Bitmap #cards 512 size 80 coarsen threshold 460 Card regions per heap region 1 cards per card region 4096
 CPUs: 12 total, 12 available
 Memory: 16106M
 Large Page Support: Disabled
 NUMA Support: Disabled
 Compressed Oops: Enabled (Zero based)
 Heap Region Size: 2M
 Heap Min Capacity: 8M
 Heap Initial Capacity: 252M
 Heap Max Capacity: 4028M
 Pre-touch: Disabled
 Parallel Workers: 10
 Concurrent Workers: 3
 Concurrent Refinement Workers: 10
 Periodic GC: Disabled

Heap:
 garbage-first heap   total 518144K, used 445616K [0x0000000704400000, 0x0000000800000000)
  region size 2048K, 2 young (4096K), 1 survivors (2048K)
 Metaspace       used 17716K, committed 17984K, reserved 1114112K
  class space    used 1846K, committed 1984K, reserved 1048576K

Heap Regions: E=young(eden), S=young(survivor), O=old, HS=humongous(starts), HC=humongous(continues), CS=collection set, F=free, TAMS=top-at-mark-start, PB=parsable bottom
|   0|0x0000000704400000, 0x0000000704600000, 0x0000000704600000|100%|HS|  |TAMS 0x0000000704600000| PB 0x0000000704400000| Complete 
|   1|0x0000000704600000, 0x0000000704800000, 0x0000000704800000|100%|HS|  |TAMS 0x0000000704800000| PB 0x0000000704600000| Complete 
|   2|0x0000000704800000, 0x0000000704a00000, 0x0000000704a00000|100%|HC|  |TAMS 0x0000000704a00000| PB 0x0000000704800000| Complete 
|   3|0x0000000704a00000, 0x0000000704c00000, 0x0000000704c00000|100%| O|  |TAMS 0x0000000704c00000| PB 0x0000000704c00000| Untracked 
|   4|0x0000000704c00000, 0x0000000704e00000, 0x0000000704e00000|100%|HS|  |TAMS 0x0000000704e00000| PB 0x0000000704c00000| Complete 
|   5|0x0000000704e00000, 0x0000000705000000, 0x0000000705000000|100%|HC|  |TAMS 0x0000000705000000| PB 0x0000000704e00000| Complete 
|   6|0x0000000705000000, 0x0000000705200000, 0x0000000705200000|100%|HC|  |TAMS 0x0000000705200000| PB 0x0000000705000000| Complete 
|   7|0x0000000705200000, 0x0000000705400000, 0x0000000705400000|100%|HC|  |TAMS 0x0000000705400000| PB 0x0000000705200000| Complete 
|   8|0x0000000705400000, 0x0000000705600000, 0x0000000705600000|100%|HC|  |TAMS 0x0000000705600000| PB 0x0000000705400000| Complete 
|   9|0x0000000705600000, 0x0000000705800000, 0x0000000705800000|100%|HC|  |TAMS 0x0000000705800000| PB 0x0000000705600000| Complete 
|  10|0x0000000705800000, 0x0000000705a00000, 0x0000000705a00000|100%|HC|  |TAMS 0x0000000705a00000| PB 0x0000000705800000| Complete 
|  11|0x0000000705a00000, 0x0000000705c00000, 0x0000000705c00000|100%|HC|  |TAMS 0x0000000705c00000| PB 0x0000000705a00000| Complete 
|  12|0x0000000705c00000, 0x0000000705e00000, 0x0000000705e00000|100%| O|  |TAMS 0x0000000705e00000| PB 0x0000000705e00000| Untracked 
|  13|0x0000000705e00000, 0x0000000706000000, 0x0000000706000000|100%| O|  |TAMS 0x0000000706000000| PB 0x0000000706000000| Updating 
|  14|0x0000000706000000, 0x0000000706200000, 0x0000000706200000|100%|HS|  |TAMS 0x0000000706200000| PB 0x0000000706000000| Complete 
|  15|0x0000000706200000, 0x0000000706400000, 0x0000000706400000|100%|HC|  |TAMS 0x0000000706400000| PB 0x0000000706200000| Complete 
|  16|0x0000000706400000, 0x0000000706600000, 0x0000000706600000|100%|HC|  |TAMS 0x0000000706600000| PB 0x0000000706400000| Complete 
|  17|0x0000000706600000, 0x0000000706800000, 0x0000000706800000|100%|HC|  |TAMS 0x0000000706800000| PB 0x0000000706600000| Complete 
|  18|0x0000000706800000, 0x0000000706a00000, 0x0000000706a00000|100%|HC|  |TAMS 0x0000000706a00000| PB 0x0000000706800000| Complete 
|  19|0x0000000706a00000, 0x0000000706c00000, 0x0000000706c00000|100%|HC|  |TAMS 0x0000000706c00000| PB 0x0000000706a00000| Complete 
|  20|0x0000000706c00000, 0x0000000706e00000, 0x0000000706e00000|100%|HC|  |TAMS 0x0000000706e00000| PB 0x0000000706c00000| Complete 
|  21|0x0000000706e00000, 0x0000000707000000, 0x0000000707000000|100%|HC|  |TAMS 0x0000000707000000| PB 0x0000000706e00000| Complete 
|  22|0x0000000707000000, 0x0000000707200000, 0x0000000707200000|100%|HS|  |TAMS 0x0000000707200000| PB 0x0000000707000000| Complete 
|  23|0x0000000707200000, 0x0000000707400000, 0x0000000707400000|100%|HC|  |TAMS 0x0000000707400000| PB 0x0000000707200000| Complete 
|  24|0x0000000707400000, 0x0000000707600000, 0x0000000707600000|100%|HS|  |TAMS 0x0000000707600000| PB 0x0000000707400000| Complete 
|  25|0x0000000707600000, 0x0000000707800000, 0x0000000707800000|100%|HC|  |TAMS 0x0000000707800000| PB 0x0000000707600000| Complete 
|  26|0x0000000707800000, 0x0000000707a00000, 0x0000000707a00000|100%|HS|  |TAMS 0x0000000707a00000| PB 0x0000000707800000| Complete 
|  27|0x0000000707a00000, 0x0000000707c00000, 0x0000000707c00000|100%|HC|  |TAMS 0x0000000707c00000| PB 0x0000000707a00000| Complete 
|  28|0x0000000707c00000, 0x0000000707e00000, 0x0000000707e00000|100%|HS|  |TAMS 0x0000000707e00000| PB 0x0000000707c00000| Complete 
|  29|0x0000000707e00000, 0x0000000708000000, 0x0000000708000000|100%|HC|  |TAMS 0x0000000708000000| PB 0x0000000707e00000| Complete 
|  30|0x0000000708000000, 0x0000000708200000, 0x0000000708200000|100%|HS|  |TAMS 0x0000000708200000| PB 0x0000000708000000| Complete 
|  31|0x0000000708200000, 0x0000000708400000, 0x0000000708400000|100%|HC|  |TAMS 0x0000000708400000| PB 0x0000000708200000| Complete 
|  32|0x0000000708400000, 0x0000000708600000, 0x0000000708600000|100%|HS|  |TAMS 0x0000000708600000| PB 0x0000000708400000| Complete 
|  33|0x0000000708600000, 0x0000000708800000, 0x0000000708800000|100%|HC|  |TAMS 0x0000000708800000| PB 0x0000000708600000| Complete 
|  34|0x0000000708800000, 0x0000000708a00000, 0x0000000708a00000|100%|HS|  |TAMS 0x0000000708a00000| PB 0x0000000708800000| Complete 
|  35|0x0000000708a00000, 0x0000000708c00000, 0x0000000708c00000|100%|HC|  |TAMS 0x0000000708c00000| PB 0x0000000708a00000| Complete 
|  36|0x0000000708c00000, 0x0000000708e00000, 0x0000000708e00000|100%|HS|  |TAMS 0x0000000708e00000| PB 0x0000000708c00000| Complete 
|  37|0x0000000708e00000, 0x0000000709000000, 0x0000000709000000|100%|HC|  |TAMS 0x0000000709000000| PB 0x0000000708e00000| Complete 
|  38|0x0000000709000000, 0x0000000709200000, 0x0000000709200000|100%|HS|  |TAMS 0x0000000709200000| PB 0x0000000709000000| Complete 
|  39|0x0000000709200000, 0x0000000709400000, 0x0000000709400000|100%|HC|  |TAMS 0x0000000709400000| PB 0x0000000709200000| Complete 
|  40|0x0000000709400000, 0x0000000709600000, 0x0000000709600000|100%|HS|  |TAMS 0x0000000709600000| PB 0x0000000709400000| Complete 
|  41|0x0000000709600000, 0x0000000709800000, 0x0000000709800000|100%|HC|  |TAMS 0x0000000709800000| PB 0x0000000709600000| Complete 
|  42|0x0000000709800000, 0x0000000709a00000, 0x0000000709a00000|100%|HS|  |TAMS 0x0000000709a00000| PB 0x0000000709800000| Complete 
|  43|0x0000000709a00000, 0x0000000709c00000, 0x0000000709c00000|100%|HC|  |TAMS 0x0000000709c00000| PB 0x0000000709a00000| Complete 
|  44|0x0000000709c00000, 0x0000000709e00000, 0x0000000709e00000|100%|HS|  |TAMS 0x0000000709e00000| PB 0x0000000709c00000| Complete 
|  45|0x0000000709e00000, 0x000000070a000000, 0x000000070a000000|100%|HC|  |TAMS 0x000000070a000000| PB 0x0000000709e00000| Complete 
|  46|0x000000070a000000, 0x000000070a200000, 0x000000070a200000|100%|HS|  |TAMS 0x000000070a200000| PB 0x000000070a000000| Complete 
|  47|0x000000070a200000, 0x000000070a400000, 0x000000070a400000|100%|HC|  |TAMS 0x000000070a400000| PB 0x000000070a200000| Complete 
|  48|0x000000070a400000, 0x000000070a600000, 0x000000070a600000|100%|HS|  |TAMS 0x000000070a600000| PB 0x000000070a400000| Complete 
|  49|0x000000070a600000, 0x000000070a800000, 0x000000070a800000|100%|HC|  |TAMS 0x000000070a800000| PB 0x000000070a600000| Complete 
|  50|0x000000070a800000, 0x000000070aa00000, 0x000000070aa00000|100%|HS|  |TAMS 0x000000070aa00000| PB 0x000000070a800000| Complete 
|  51|0x000000070aa00000, 0x000000070ac00000, 0x000000070ac00000|100%|HC|  |TAMS 0x000000070ac00000| PB 0x000000070aa00000| Complete 
|  52|0x000000070ac00000, 0x000000070ae00000, 0x000000070ae00000|100%|HS|  |TAMS 0x000000070ae00000| PB 0x000000070ac00000| Complete 
|  53|0x000000070ae00000, 0x000000070b000000, 0x000000070b000000|100%|HC|  |TAMS 0x000000070b000000| PB 0x000000070ae00000| Complete 
|  54|0x000000070b000000, 0x000000070b200000, 0x000000070b200000|100%|HS|  |TAMS 0x000000070b200000| PB 0x000000070b000000| Complete 
|  55|0x000000070b200000, 0x000000070b400000, 0x000000070b400000|100%|HC|  |TAMS 0x000000070b400000| PB 0x000000070b200000| Complete 
|  56|0x000000070b400000, 0x000000070b600000, 0x000000070b600000|100%|HS|  |TAMS 0x000000070b600000| PB 0x000000070b400000| Complete 
|  57|0x000000070b600000, 0x000000070b800000, 0x000000070b800000|100%|HC|  |TAMS 0x000000070b800000| PB 0x000000070b600000| Complete 
|  58|0x000000070b800000, 0x000000070ba00000, 0x000000070ba00000|100%|HS|  |TAMS 0x000000070ba00000| PB 0x000000070b800000| Complete 
|  59|0x000000070ba00000, 0x000000070bc00000, 0x000000070bc00000|100%|HC|  |TAMS 0x000000070bc00000| PB 0x000000070ba00000| Complete 
|  60|0x000000070bc00000, 0x000000070be00000, 0x000000070be00000|100%|HS|  |TAMS 0x000000070be00000| PB 0x000000070bc00000| Complete 
|  61|0x000000070be00000, 0x000000070c000000, 0x000000070c000000|100%|HC|  |TAMS 0x000000070c000000| PB 0x000000070be00000| Complete 
|  62|0x000000070c000000, 0x000000070c200000, 0x000000070c200000|100%| O|  |TAMS 0x000000070c200000| PB 0x000000070c200000| Untracked 
|  63|0x000000070c200000, 0x000000070c400000, 0x000000070c400000|100%| O|  |TAMS 0x000000070c400000| PB 0x000000070c400000| Untracked 
|  64|0x000000070c400000, 0x000000070c600000, 0x000000070c600000|100%| O|  |TAMS 0x000000070c600000| PB 0x000000070c600000| Untracked 
|  65|0x000000070c600000, 0x000000070c800000, 0x000000070c800000|100%| O|  |TAMS 0x000000070c800000| PB 0x000000070c800000| Updating 
|  66|0x000000070c800000, 0x000000070ca00000, 0x000000070ca00000|100%| O|  |TAMS 0x000000070ca00000| PB 0x000000070ca00000| Untracked 
|  67|0x000000070ca00000, 0x000000070cc00000, 0x000000070cc00000|100%| O|  |TAMS 0x000000070cc00000| PB 0x000000070cc00000| Updating 
|  68|0x000000070cc00000, 0x000000070ce00000, 0x000000070ce00000|100%| O|  |TAMS 0x000000070ce00000| PB 0x000000070ce00000| Updating 
|  69|0x000000070ce00000, 0x000000070d000000, 0x000000070d000000|100%| O|  |TAMS 0x000000070ce00000| PB 0x000000070ce00000| Untracked 
|  70|0x000000070d000000, 0x000000070d200000, 0x000000070d200000|100%|HS|  |TAMS 0x000000070d200000| PB 0x000000070d000000| Complete 
|  71|0x000000070d200000, 0x000000070d400000, 0x000000070d400000|100%|HC|  |TAMS 0x000000070d400000| PB 0x000000070d200000| Complete 
|  72|0x000000070d400000, 0x000000070d600000, 0x000000070d600000|100%|HC|  |TAMS 0x000000070d600000| PB 0x000000070d400000| Complete 
|  73|0x000000070d600000, 0x000000070d800000, 0x000000070d800000|100%|HC|  |TAMS 0x000000070d800000| PB 0x000000070d600000| Complete 
|  74|0x000000070d800000, 0x000000070da00000, 0x000000070da00000|100%| O|  |TAMS 0x000000070da00000| PB 0x000000070da00000| Untracked 
|  75|0x000000070da00000, 0x000000070dc00000, 0x000000070dc00000|100%| O|  |TAMS 0x000000070dc00000| PB 0x000000070dc00000| Untracked 
|  76|0x000000070dc00000, 0x000000070de00000, 0x000000070de00000|100%| O|  |TAMS 0x000000070de00000| PB 0x000000070de00000| Updating 
|  77|0x000000070de00000, 0x000000070e000000, 0x000000070e000000|100%| O|  |TAMS 0x000000070de00000| PB 0x000000070de00000| Untracked 
|  78|0x000000070e000000, 0x000000070e200000, 0x000000070e200000|100%| O|  |TAMS 0x000000070e000000| PB 0x000000070e000000| Untracked 
|  79|0x000000070e200000, 0x000000070e400000, 0x000000070e400000|100%|HS|  |TAMS 0x000000070e400000| PB 0x000000070e200000| Complete 
|  80|0x000000070e400000, 0x000000070e600000, 0x000000070e600000|100%|HC|  |TAMS 0x000000070e600000| PB 0x000000070e400000| Complete 
|  81|0x000000070e600000, 0x000000070e800000, 0x000000070e800000|100%|HC|  |TAMS 0x000000070e800000| PB 0x000000070e600000| Complete 
|  82|0x000000070e800000, 0x000000070ea00000, 0x000000070ea00000|100%|HC|  |TAMS 0x000000070ea00000| PB 0x000000070e800000| Complete 
|  83|0x000000070ea00000, 0x000000070ec00000, 0x000000070ec00000|100%| O|  |TAMS 0x000000070ea00000| PB 0x000000070ea00000| Untracked 
|  84|0x000000070ec00000, 0x000000070ee00000, 0x000000070ee00000|100%|HS|  |TAMS 0x000000070ee00000| PB 0x000000070ec00000| Complete 
|  85|0x000000070ee00000, 0x000000070f000000, 0x000000070f000000|100%|HC|  |TAMS 0x000000070f000000| PB 0x000000070ee00000| Complete 
|  86|0x000000070f000000, 0x000000070f200000, 0x000000070f200000|100%|HC|  |TAMS 0x000000070f200000| PB 0x000000070f000000| Complete 
|  87|0x000000070f200000, 0x000000070f400000, 0x000000070f400000|100%|HC|  |TAMS 0x000000070f400000| PB 0x000000070f200000| Complete 
|  88|0x000000070f400000, 0x000000070f600000, 0x000000070f600000|100%|HC|  |TAMS 0x000000070f600000| PB 0x000000070f400000| Complete 
|  89|0x000000070f600000, 0x000000070f800000, 0x000000070f800000|100%|HC|  |TAMS 0x000000070f800000| PB 0x000000070f600000| Complete 
|  90|0x000000070f800000, 0x000000070fa00000, 0x000000070fa00000|100%|HC|  |TAMS 0x000000070fa00000| PB 0x000000070f800000| Complete 
|  91|0x000000070fa00000, 0x000000070fc00000, 0x000000070fc00000|100%|HC|  |TAMS 0x000000070fc00000| PB 0x000000070fa00000| Complete 
|  92|0x000000070fc00000, 0x000000070fe00000, 0x000000070fe00000|100%|HS|  |TAMS 0x000000070fe00000| PB 0x000000070fc00000| Complete 
|  93|0x000000070fe00000, 0x0000000710000000, 0x0000000710000000|100%|HC|  |TAMS 0x0000000710000000| PB 0x000000070fe00000| Complete 
|  94|0x0000000710000000, 0x0000000710200000, 0x0000000710200000|100%|HC|  |TAMS 0x0000000710200000| PB 0x0000000710000000| Complete 
|  95|0x0000000710200000, 0x0000000710400000, 0x0000000710400000|100%|HC|  |TAMS 0x0000000710400000| PB 0x0000000710200000| Complete 
|  96|0x0000000710400000, 0x0000000710600000, 0x0000000710600000|100%|HS|  |TAMS 0x0000000710600000| PB 0x0000000710400000| Complete 
|  97|0x0000000710600000, 0x0000000710800000, 0x0000000710800000|100%|HC|  |TAMS 0x0000000710800000| PB 0x0000000710600000| Complete 
|  98|0x0000000710800000, 0x0000000710a00000, 0x0000000710a00000|100%|HC|  |TAMS 0x0000000710a00000| PB 0x0000000710800000| Complete 
|  99|0x0000000710a00000, 0x0000000710c00000, 0x0000000710c00000|100%|HC|  |TAMS 0x0000000710c00000| PB 0x0000000710a00000| Complete 
| 100|0x0000000710c00000, 0x0000000710e00000, 0x0000000710e00000|100%|HC|  |TAMS 0x0000000710e00000| PB 0x0000000710c00000| Complete 
| 101|0x0000000710e00000, 0x0000000711000000, 0x0000000711000000|100%|HC|  |TAMS 0x0000000711000000| PB 0x0000000710e00000| Complete 
| 102|0x0000000711000000, 0x0000000711200000, 0x0000000711200000|100%|HC|  |TAMS 0x0000000711200000| PB 0x0000000711000000| Complete 
| 103|0x0000000711200000, 0x0000000711400000, 0x0000000711400000|100%|HC|  |TAMS 0x0000000711400000| PB 0x0000000711200000| Complete 
| 104|0x0000000711400000, 0x0000000711600000, 0x0000000711600000|100%|HS|  |TAMS 0x0000000711600000| PB 0x0000000711400000| Complete 
| 105|0x0000000711600000, 0x0000000711800000, 0x0000000711800000|100%|HC|  |TAMS 0x0000000711800000| PB 0x0000000711600000| Complete 
| 106|0x0000000711800000, 0x0000000711a00000, 0x0000000711a00000|100%|HC|  |TAMS 0x0000000711a00000| PB 0x0000000711800000| Complete 
| 107|0x0000000711a00000, 0x0000000711c00000, 0x0000000711c00000|100%|HC|  |TAMS 0x0000000711c00000| PB 0x0000000711a00000| Complete 
| 108|0x0000000711c00000, 0x0000000711e00000, 0x0000000711e00000|100%|HC|  |TAMS 0x0000000711e00000| PB 0x0000000711c00000| Complete 
| 109|0x0000000711e00000, 0x0000000712000000, 0x0000000712000000|100%|HC|  |TAMS 0x0000000712000000| PB 0x0000000711e00000| Complete 
| 110|0x0000000712000000, 0x0000000712200000, 0x0000000712200000|100%|HC|  |TAMS 0x0000000712200000| PB 0x0000000712000000| Complete 
| 111|0x0000000712200000, 0x0000000712400000, 0x0000000712400000|100%|HC|  |TAMS 0x0000000712400000| PB 0x0000000712200000| Complete 
| 112|0x0000000712400000, 0x0000000712600000, 0x0000000712600000|100%|HS|  |TAMS 0x0000000712600000| PB 0x0000000712400000| Complete 
| 113|0x0000000712600000, 0x0000000712800000, 0x0000000712800000|100%|HC|  |TAMS 0x0000000712800000| PB 0x0000000712600000| Complete 
| 114|0x0000000712800000, 0x0000000712a00000, 0x0000000712a00000|100%|HC|  |TAMS 0x0000000712a00000| PB 0x0000000712800000| Complete 
| 115|0x0000000712a00000, 0x0000000712c00000, 0x0000000712c00000|100%|HC|  |TAMS 0x0000000712c00000| PB 0x0000000712a00000| Complete 
| 116|0x0000000712c00000, 0x0000000712e00000, 0x0000000712e00000|100%|HC|  |TAMS 0x0000000712e00000| PB 0x0000000712c00000| Complete 
| 117|0x0000000712e00000, 0x0000000713000000, 0x0000000713000000|100%|HC|  |TAMS 0x0000000713000000| PB 0x0000000712e00000| Complete 
| 118|0x0000000713000000, 0x0000000713200000, 0x0000000713200000|100%|HC|  |TAMS 0x0000000713200000| PB 0x0000000713000000| Complete 
| 119|0x0000000713200000, 0x0000000713400000, 0x0000000713400000|100%|HC|  |TAMS 0x0000000713400000| PB 0x0000000713200000| Complete 
| 120|0x0000000713400000, 0x0000000713600000, 0x0000000713600000|100%|HS|  |TAMS 0x0000000713600000| PB 0x0000000713400000| Complete 
| 121|0x0000000713600000, 0x0000000713800000, 0x0000000713800000|100%|HC|  |TAMS 0x0000000713800000| PB 0x0000000713600000| Complete 
| 122|0x0000000713800000, 0x0000000713a00000, 0x0000000713a00000|100%|HC|  |TAMS 0x0000000713a00000| PB 0x0000000713800000| Complete 
| 123|0x0000000713a00000, 0x0000000713c00000, 0x0000000713c00000|100%|HC|  |TAMS 0x0000000713c00000| PB 0x0000000713a00000| Complete 
| 124|0x0000000713c00000, 0x0000000713e00000, 0x0000000713e00000|100%|HC|  |TAMS 0x0000000713e00000| PB 0x0000000713c00000| Complete 
| 125|0x0000000713e00000, 0x0000000714000000, 0x0000000714000000|100%|HC|  |TAMS 0x0000000714000000| PB 0x0000000713e00000| Complete 
| 126|0x0000000714000000, 0x0000000714200000, 0x0000000714200000|100%|HC|  |TAMS 0x0000000714200000| PB 0x0000000714000000| Complete 
| 127|0x0000000714200000, 0x0000000714400000, 0x0000000714400000|100%|HC|  |TAMS 0x0000000714400000| PB 0x0000000714200000| Complete 
| 128|0x0000000714400000, 0x0000000714600000, 0x0000000714600000|100%|HS|  |TAMS 0x0000000714600000| PB 0x0000000714400000| Complete 
| 129|0x0000000714600000, 0x0000000714800000, 0x0000000714800000|100%|HC|  |TAMS 0x0000000714800000| PB 0x0000000714600000| Complete 
| 130|0x0000000714800000, 0x0000000714a00000, 0x0000000714a00000|100%|HC|  |TAMS 0x0000000714a00000| PB 0x0000000714800000| Complete 
| 131|0x0000000714a00000, 0x0000000714c00000, 0x0000000714c00000|100%|HC|  |TAMS 0x0000000714c00000| PB 0x0000000714a00000| Complete 
| 132|0x0000000714c00000, 0x0000000714e00000, 0x0000000714e00000|100%|HC|  |TAMS 0x0000000714e00000| PB 0x0000000714c00000| Complete 
| 133|0x0000000714e00000, 0x0000000715000000, 0x0000000715000000|100%|HC|  |TAMS 0x0000000715000000| PB 0x0000000714e00000| Complete 
| 134|0x0000000715000000, 0x0000000715200000, 0x0000000715200000|100%|HC|  |TAMS 0x0000000715200000| PB 0x0000000715000000| Complete 
| 135|0x0000000715200000, 0x0000000715400000, 0x0000000715400000|100%|HC|  |TAMS 0x0000000715400000| PB 0x0000000715200000| Complete 
| 136|0x0000000715400000, 0x0000000715600000, 0x0000000715600000|100%|HS|  |TAMS 0x0000000715600000| PB 0x0000000715400000| Complete 
| 137|0x0000000715600000, 0x0000000715800000, 0x0000000715800000|100%|HC|  |TAMS 0x0000000715800000| PB 0x0000000715600000| Complete 
| 138|0x0000000715800000, 0x0000000715a00000, 0x0000000715a00000|100%|HC|  |TAMS 0x0000000715a00000| PB 0x0000000715800000| Complete 
| 139|0x0000000715a00000, 0x0000000715c00000, 0x0000000715c00000|100%|HC|  |TAMS 0x0000000715c00000| PB 0x0000000715a00000| Complete 
| 140|0x0000000715c00000, 0x0000000715e00000, 0x0000000715e00000|100%|HC|  |TAMS 0x0000000715e00000| PB 0x0000000715c00000| Complete 
| 141|0x0000000715e00000, 0x0000000716000000, 0x0000000716000000|100%|HC|  |TAMS 0x0000000716000000| PB 0x0000000715e00000| Complete 
| 142|0x0000000716000000, 0x0000000716200000, 0x0000000716200000|100%|HC|  |TAMS 0x0000000716200000| PB 0x0000000716000000| Complete 
| 143|0x0000000716200000, 0x0000000716400000, 0x0000000716400000|100%|HC|  |TAMS 0x0000000716400000| PB 0x0000000716200000| Complete 
| 144|0x0000000716400000, 0x0000000716600000, 0x0000000716600000|100%|HS|  |TAMS 0x0000000716600000| PB 0x0000000716400000| Complete 
| 145|0x0000000716600000, 0x0000000716800000, 0x0000000716800000|100%|HC|  |TAMS 0x0000000716800000| PB 0x0000000716600000| Complete 
| 146|0x0000000716800000, 0x0000000716a00000, 0x0000000716a00000|100%|HC|  |TAMS 0x0000000716a00000| PB 0x0000000716800000| Complete 
| 147|0x0000000716a00000, 0x0000000716c00000, 0x0000000716c00000|100%|HC|  |TAMS 0x0000000716c00000| PB 0x0000000716a00000| Complete 
| 148|0x0000000716c00000, 0x0000000716e00000, 0x0000000716e00000|100%|HC|  |TAMS 0x0000000716e00000| PB 0x0000000716c00000| Complete 
| 149|0x0000000716e00000, 0x0000000717000000, 0x0000000717000000|100%|HC|  |TAMS 0x0000000717000000| PB 0x0000000716e00000| Complete 
| 150|0x0000000717000000, 0x0000000717200000, 0x0000000717200000|100%|HC|  |TAMS 0x0000000717200000| PB 0x0000000717000000| Complete 
| 151|0x0000000717200000, 0x0000000717400000, 0x0000000717400000|100%|HC|  |TAMS 0x0000000717400000| PB 0x0000000717200000| Complete 
| 152|0x0000000717400000, 0x0000000717600000, 0x0000000717600000|100%|HS|  |TAMS 0x0000000717600000| PB 0x0000000717400000| Complete 
| 153|0x0000000717600000, 0x0000000717800000, 0x0000000717800000|100%|HC|  |TAMS 0x0000000717800000| PB 0x0000000717600000| Complete 
| 154|0x0000000717800000, 0x0000000717a00000, 0x0000000717a00000|100%|HC|  |TAMS 0x0000000717a00000| PB 0x0000000717800000| Complete 
| 155|0x0000000717a00000, 0x0000000717c00000, 0x0000000717c00000|100%|HC|  |TAMS 0x0000000717c00000| PB 0x0000000717a00000| Complete 
| 156|0x0000000717c00000, 0x0000000717e00000, 0x0000000717e00000|100%|HC|  |TAMS 0x0000000717e00000| PB 0x0000000717c00000| Complete 
| 157|0x0000000717e00000, 0x0000000718000000, 0x0000000718000000|100%|HC|  |TAMS 0x0000000718000000| PB 0x0000000717e00000| Complete 
| 158|0x0000000718000000, 0x0000000718200000, 0x0000000718200000|100%|HC|  |TAMS 0x0000000718200000| PB 0x0000000718000000| Complete 
| 159|0x0000000718200000, 0x0000000718400000, 0x0000000718400000|100%|HC|  |TAMS 0x0000000718400000| PB 0x0000000718200000| Complete 
| 160|0x0000000718400000, 0x0000000718600000, 0x0000000718600000|100%|HS|  |TAMS 0x0000000718600000| PB 0x0000000718400000| Complete 
| 161|0x0000000718600000, 0x0000000718800000, 0x0000000718800000|100%|HC|  |TAMS 0x0000000718800000| PB 0x0000000718600000| Complete 
| 162|0x0000000718800000, 0x0000000718a00000, 0x0000000718a00000|100%|HC|  |TAMS 0x0000000718a00000| PB 0x0000000718800000| Complete 
| 163|0x0000000718a00000, 0x0000000718c00000, 0x0000000718c00000|100%|HC|  |TAMS 0x0000000718c00000| PB 0x0000000718a00000| Complete 
| 164|0x0000000718c00000, 0x0000000718e00000, 0x0000000718e00000|100%|HC|  |TAMS 0x0000000718e00000| PB 0x0000000718c00000| Complete 
| 165|0x0000000718e00000, 0x0000000719000000, 0x0000000719000000|100%|HC|  |TAMS 0x0000000719000000| PB 0x0000000718e00000| Complete 
| 166|0x0000000719000000, 0x0000000719200000, 0x0000000719200000|100%|HC|  |TAMS 0x0000000719200000| PB 0x0000000719000000| Complete 
| 167|0x0000000719200000, 0x0000000719400000, 0x0000000719400000|100%|HC|  |TAMS 0x0000000719400000| PB 0x0000000719200000| Complete 
| 168|0x0000000719400000, 0x0000000719600000, 0x0000000719600000|100%|HS|  |TAMS 0x0000000719600000| PB 0x0000000719400000| Complete 
| 169|0x0000000719600000, 0x0000000719800000, 0x0000000719800000|100%|HC|  |TAMS 0x0000000719800000| PB 0x0000000719600000| Complete 
| 170|0x0000000719800000, 0x0000000719a00000, 0x0000000719a00000|100%|HC|  |TAMS 0x0000000719a00000| PB 0x0000000719800000| Complete 
| 171|0x0000000719a00000, 0x0000000719c00000, 0x0000000719c00000|100%|HC|  |TAMS 0x0000000719c00000| PB 0x0000000719a00000| Complete 
| 172|0x0000000719c00000, 0x0000000719e00000, 0x0000000719e00000|100%|HC|  |TAMS 0x0000000719e00000| PB 0x0000000719c00000| Complete 
| 173|0x0000000719e00000, 0x000000071a000000, 0x000000071a000000|100%|HC|  |TAMS 0x000000071a000000| PB 0x0000000719e00000| Complete 
| 174|0x000000071a000000, 0x000000071a200000, 0x000000071a200000|100%|HC|  |TAMS 0x000000071a200000| PB 0x000000071a000000| Complete 
| 175|0x000000071a200000, 0x000000071a400000, 0x000000071a400000|100%|HC|  |TAMS 0x000000071a400000| PB 0x000000071a200000| Complete 
| 176|0x000000071a400000, 0x000000071a600000, 0x000000071a600000|100%|HS|  |TAMS 0x000000071a600000| PB 0x000000071a400000| Complete 
| 177|0x000000071a600000, 0x000000071a800000, 0x000000071a800000|100%|HC|  |TAMS 0x000000071a800000| PB 0x000000071a600000| Complete 
| 178|0x000000071a800000, 0x000000071aa00000, 0x000000071aa00000|100%|HC|  |TAMS 0x000000071aa00000| PB 0x000000071a800000| Complete 
| 179|0x000000071aa00000, 0x000000071ac00000, 0x000000071ac00000|100%|HC|  |TAMS 0x000000071ac00000| PB 0x000000071aa00000| Complete 
| 180|0x000000071ac00000, 0x000000071ae00000, 0x000000071ae00000|100%|HC|  |TAMS 0x000000071ae00000| PB 0x000000071ac00000| Complete 
| 181|0x000000071ae00000, 0x000000071b000000, 0x000000071b000000|100%|HC|  |TAMS 0x000000071b000000| PB 0x000000071ae00000| Complete 
| 182|0x000000071b000000, 0x000000071b200000, 0x000000071b200000|100%|HC|  |TAMS 0x000000071b200000| PB 0x000000071b000000| Complete 
| 183|0x000000071b200000, 0x000000071b400000, 0x000000071b400000|100%|HC|  |TAMS 0x000000071b400000| PB 0x000000071b200000| Complete 
| 184|0x000000071b400000, 0x000000071b600000, 0x000000071b600000|100%|HS|  |TAMS 0x000000071b600000| PB 0x000000071b400000| Complete 
| 185|0x000000071b600000, 0x000000071b800000, 0x000000071b800000|100%|HC|  |TAMS 0x000000071b800000| PB 0x000000071b600000| Complete 
| 186|0x000000071b800000, 0x000000071ba00000, 0x000000071ba00000|100%|HS|  |TAMS 0x000000071ba00000| PB 0x000000071b800000| Complete 
| 187|0x000000071ba00000, 0x000000071bc00000, 0x000000071bc00000|100%|HC|  |TAMS 0x000000071bc00000| PB 0x000000071ba00000| Complete 
| 188|0x000000071bc00000, 0x000000071be00000, 0x000000071be00000|100%|HS|  |TAMS 0x000000071be00000| PB 0x000000071bc00000| Complete 
| 189|0x000000071be00000, 0x000000071c000000, 0x000000071c000000|100%|HC|  |TAMS 0x000000071c000000| PB 0x000000071be00000| Complete 
| 190|0x000000071c000000, 0x000000071c200000, 0x000000071c200000|100%|HS|  |TAMS 0x000000071c200000| PB 0x000000071c000000| Complete 
| 191|0x000000071c200000, 0x000000071c400000, 0x000000071c400000|100%|HC|  |TAMS 0x000000071c400000| PB 0x000000071c200000| Complete 
| 192|0x000000071c400000, 0x000000071c600000, 0x000000071c600000|100%|HS|  |TAMS 0x000000071c600000| PB 0x000000071c400000| Complete 
| 193|0x000000071c600000, 0x000000071c800000, 0x000000071c800000|100%|HC|  |TAMS 0x000000071c800000| PB 0x000000071c600000| Complete 
| 194|0x000000071c800000, 0x000000071ca00000, 0x000000071ca00000|100%|HS|  |TAMS 0x000000071ca00000| PB 0x000000071c800000| Complete 
| 195|0x000000071ca00000, 0x000000071cc00000, 0x000000071cc00000|100%|HC|  |TAMS 0x000000071cc00000| PB 0x000000071ca00000| Complete 
| 196|0x000000071cc00000, 0x000000071ce00000, 0x000000071ce00000|100%|HS|  |TAMS 0x000000071ce00000| PB 0x000000071cc00000| Complete 
| 197|0x000000071ce00000, 0x000000071d000000, 0x000000071d000000|100%|HC|  |TAMS 0x000000071d000000| PB 0x000000071ce00000| Complete 
| 198|0x000000071d000000, 0x000000071d200000, 0x000000071d200000|100%| O|  |TAMS 0x000000071d000000| PB 0x000000071d000000| Untracked 
| 199|0x000000071d200000, 0x000000071d2f4250, 0x000000071d400000| 47%| O|  |TAMS 0x000000071d200000| PB 0x000000071d200000| Updating 
| 200|0x000000071d400000, 0x000000071d600000, 0x000000071d600000|100%|HS|  |TAMS 0x000000071d400000| PB 0x000000071d400000| Complete 
| 201|0x000000071d600000, 0x000000071d800000, 0x000000071d800000|100%|HC|  |TAMS 0x000000071d600000| PB 0x000000071d600000| Complete 
| 202|0x000000071d800000, 0x000000071d800000, 0x000000071da00000|  0%| F|  |TAMS 0x000000071d800000| PB 0x000000071d800000| Untracked 
| 203|0x000000071da00000, 0x000000071da00000, 0x000000071dc00000|  0%| F|  |TAMS 0x000000071da00000| PB 0x000000071da00000| Untracked 
| 204|0x000000071dc00000, 0x000000071dc00000, 0x000000071de00000|  0%| F|  |TAMS 0x000000071dc00000| PB 0x000000071dc00000| Untracked 
| 205|0x000000071de00000, 0x000000071de00000, 0x000000071e000000|  0%| F|  |TAMS 0x000000071de00000| PB 0x000000071de00000| Untracked 
| 206|0x000000071e000000, 0x000000071e000000, 0x000000071e200000|  0%| F|  |TAMS 0x000000071e000000| PB 0x000000071e000000| Untracked 
| 207|0x000000071e200000, 0x000000071e200000, 0x000000071e400000|  0%| F|  |TAMS 0x000000071e200000| PB 0x000000071e200000| Untracked 
| 208|0x000000071e400000, 0x000000071e400000, 0x000000071e600000|  0%| F|  |TAMS 0x000000071e400000| PB 0x000000071e400000| Untracked 
| 209|0x000000071e600000, 0x000000071e600000, 0x000000071e800000|  0%| F|  |TAMS 0x000000071e600000| PB 0x000000071e600000| Untracked 
| 210|0x000000071e800000, 0x000000071e800000, 0x000000071ea00000|  0%| F|  |TAMS 0x000000071e800000| PB 0x000000071e800000| Untracked 
| 211|0x000000071ea00000, 0x000000071ea00000, 0x000000071ec00000|  0%| F|  |TAMS 0x000000071ea00000| PB 0x000000071ea00000| Untracked 
| 212|0x000000071ec00000, 0x000000071ec00000, 0x000000071ee00000|  0%| F|  |TAMS 0x000000071ec00000| PB 0x000000071ec00000| Untracked 
| 213|0x000000071ee00000, 0x000000071ee00000, 0x000000071f000000|  0%| F|  |TAMS 0x000000071ee00000| PB 0x000000071ee00000| Untracked 
| 214|0x000000071f000000, 0x000000071f000000, 0x000000071f200000|  0%| F|  |TAMS 0x000000071f000000| PB 0x000000071f000000| Untracked 
| 215|0x000000071f200000, 0x000000071f200000, 0x000000071f400000|  0%| F|  |TAMS 0x000000071f200000| PB 0x000000071f200000| Untracked 
| 216|0x000000071f400000, 0x000000071f400000, 0x000000071f600000|  0%| F|  |TAMS 0x000000071f400000| PB 0x000000071f400000| Untracked 
| 217|0x000000071f600000, 0x000000071f600000, 0x000000071f800000|  0%| F|  |TAMS 0x000000071f600000| PB 0x000000071f600000| Untracked 
| 218|0x000000071f800000, 0x000000071f800000, 0x000000071fa00000|  0%| F|  |TAMS 0x000000071f800000| PB 0x000000071f800000| Untracked 
| 219|0x000000071fa00000, 0x000000071fa00000, 0x000000071fc00000|  0%| F|  |TAMS 0x000000071fa00000| PB 0x000000071fa00000| Untracked 
| 220|0x000000071fc00000, 0x000000071fc00000, 0x000000071fe00000|  0%| F|  |TAMS 0x000000071fc00000| PB 0x000000071fc00000| Untracked 
| 221|0x000000071fe00000, 0x000000071fe00000, 0x0000000720000000|  0%| F|  |TAMS 0x000000071fe00000| PB 0x000000071fe00000| Untracked 
| 222|0x0000000720000000, 0x0000000720000000, 0x0000000720200000|  0%| F|  |TAMS 0x0000000720000000| PB 0x0000000720000000| Untracked 
| 223|0x0000000720200000, 0x0000000720200000, 0x0000000720400000|  0%| F|  |TAMS 0x0000000720200000| PB 0x0000000720200000| Untracked 
| 224|0x0000000720400000, 0x0000000720400000, 0x0000000720600000|  0%| F|  |TAMS 0x0000000720400000| PB 0x0000000720400000| Untracked 
| 225|0x0000000720600000, 0x0000000720600000, 0x0000000720800000|  0%| F|  |TAMS 0x0000000720600000| PB 0x0000000720600000| Untracked 
| 226|0x0000000720800000, 0x0000000720a00000, 0x0000000720a00000|100%|HS|  |TAMS 0x0000000720a00000| PB 0x0000000720800000| Complete 
| 227|0x0000000720a00000, 0x0000000720c00000, 0x0000000720c00000|100%|HC|  |TAMS 0x0000000720c00000| PB 0x0000000720a00000| Complete 
| 228|0x0000000720c00000, 0x0000000720e00000, 0x0000000720e00000|100%|HC|  |TAMS 0x0000000720e00000| PB 0x0000000720c00000| Complete 
| 229|0x0000000720e00000, 0x0000000721000000, 0x0000000721000000|100%|HC|  |TAMS 0x0000000721000000| PB 0x0000000720e00000| Complete 
| 230|0x0000000721000000, 0x0000000721200000, 0x0000000721200000|100%|HC|  |TAMS 0x0000000721200000| PB 0x0000000721000000| Complete 
| 231|0x0000000721200000, 0x0000000721400000, 0x0000000721400000|100%|HC|  |TAMS 0x0000000721400000| PB 0x0000000721200000| Complete 
| 232|0x0000000721400000, 0x0000000721600000, 0x0000000721600000|100%|HC|  |TAMS 0x0000000721600000| PB 0x0000000721400000| Complete 
| 233|0x0000000721600000, 0x0000000721800000, 0x0000000721800000|100%|HC|  |TAMS 0x0000000721800000| PB 0x0000000721600000| Complete 
| 234|0x0000000721800000, 0x0000000721800000, 0x0000000721a00000|  0%| F|  |TAMS 0x0000000721800000| PB 0x0000000721800000| Untracked 
| 235|0x0000000721a00000, 0x0000000721a00000, 0x0000000721c00000|  0%| F|  |TAMS 0x0000000721a00000| PB 0x0000000721a00000| Untracked 
| 236|0x0000000721c00000, 0x0000000721e00000, 0x0000000721e00000|100%|HS|  |TAMS 0x0000000721e00000| PB 0x0000000721c00000| Complete 
| 237|0x0000000721e00000, 0x0000000722000000, 0x0000000722000000|100%|HC|  |TAMS 0x0000000722000000| PB 0x0000000721e00000| Complete 
| 238|0x0000000722000000, 0x0000000722000000, 0x0000000722200000|  0%| F|  |TAMS 0x0000000722000000| PB 0x0000000722000000| Untracked 
| 239|0x0000000722200000, 0x0000000722200000, 0x0000000722400000|  0%| F|  |TAMS 0x0000000722200000| PB 0x0000000722200000| Untracked 
| 240|0x0000000722400000, 0x0000000722400000, 0x0000000722600000|  0%| F|  |TAMS 0x0000000722400000| PB 0x0000000722400000| Untracked 
| 241|0x0000000722600000, 0x0000000722600000, 0x0000000722800000|  0%| F|  |TAMS 0x0000000722600000| PB 0x0000000722600000| Untracked 
| 242|0x0000000722800000, 0x0000000722800000, 0x0000000722a00000|  0%| F|  |TAMS 0x0000000722800000| PB 0x0000000722800000| Untracked 
| 243|0x0000000722a00000, 0x0000000722a00000, 0x0000000722c00000|  0%| F|  |TAMS 0x0000000722a00000| PB 0x0000000722a00000| Untracked 
|2005|0x00000007fee00000, 0x00000007ff000000, 0x00000007ff000000|100%| O|  |TAMS 0x00000007feef4250| PB 0x00000007feef4250| Untracked 
|2006|0x00000007ff000000, 0x00000007ff200000, 0x00000007ff200000|100%| O|  |TAMS 0x00000007ff200000| PB 0x00000007ff200000| Updating 
|2007|0x00000007ff200000, 0x00000007ff400000, 0x00000007ff400000|100%| O|  |TAMS 0x00000007ff400000| PB 0x00000007ff400000| Updating 
|2008|0x00000007ff400000, 0x00000007ff400000, 0x00000007ff600000|  0%| F|  |TAMS 0x00000007ff400000| PB 0x00000007ff400000| Untracked 
|2009|0x00000007ff600000, 0x00000007ff637df0, 0x00000007ff800000| 10%| S|CS|TAMS 0x00000007ff600000| PB 0x00000007ff600000| Complete 
|2010|0x00000007ff800000, 0x00000007ff9b1d10, 0x00000007ffa00000| 84%| E|  |TAMS 0x00000007ff800000| PB 0x00000007ff800000| Complete 
|2011|0x00000007ffa00000, 0x00000007ffc00000, 0x00000007ffc00000|100%| O|  |TAMS 0x00000007ffc00000| PB 0x00000007ffc00000| Untracked 
|2012|0x00000007ffc00000, 0x00000007ffe00000, 0x00000007ffe00000|100%| O|  |TAMS 0x00000007ffe00000| PB 0x00000007ffe00000| Updating 
|2013|0x00000007ffe00000, 0x0000000800000000, 0x0000000800000000|100%| O|  |TAMS 0x0000000800000000| PB 0x0000000800000000| Untracked 

Card table byte_map: [0x00000214b3b80000,0x00000214b4360000] _byte_map_base: 0x00000214b035e000

Marking Bits: (CMBitMap*) 0x000002149b7deae0
 Bits: [0x00000214b4360000, 0x00000214b8250000)

Polling page: 0x00000214996c0000

Metaspace:

Usage:
  Non-class:     15.50 MB used.
      Class:      1.80 MB used.
       Both:     17.30 MB used.

Virtual space:
  Non-class space:       64.00 MB reserved,      15.62 MB ( 24%) committed,  1 nodes.
      Class space:        1.00 GB reserved,       1.94 MB ( <1%) committed,  1 nodes.
             Both:        1.06 GB reserved,      17.56 MB (  2%) committed. 

Chunk freelists:
   Non-Class:  285.00 KB
       Class:  14.03 MB
        Both:  14.31 MB

MaxMetaspaceSize: unlimited
CompressedClassSpaceSize: 1.00 GB
Initial GC threshold: 21.00 MB
Current GC threshold: 29.19 MB
CDS: on
 - commit_granule_bytes: 65536.
 - commit_granule_words: 8192.
 - virtual_space_node_default_size: 8388608.
 - enlarge_chunks_in_place: 1.
 - use_allocation_guard: 0.


Internal statistics:

num_allocs_failed_limit: 0.
num_arena_births: 206.
num_arena_deaths: 0.
num_vsnodes_births: 2.
num_vsnodes_deaths: 0.
num_space_committed: 281.
num_space_uncommitted: 0.
num_chunks_returned_to_freelist: 0.
num_chunks_taken_from_freelist: 397.
num_chunk_merges: 0.
num_chunk_splits: 253.
num_chunks_enlarged: 153.
num_inconsistent_stats: 0.

CodeHeap 'non-profiled nmethods': size=120000Kb used=1370Kb max_used=1612Kb free=118629Kb
 bounds [0x00000214ab920000, 0x00000214abb90000, 0x00000214b2e50000]
CodeHeap 'profiled nmethods': size=120000Kb used=5226Kb max_used=5937Kb free=114773Kb
 bounds [0x00000214a3e50000, 0x00000214a4420000, 0x00000214ab380000]
CodeHeap 'non-nmethods': size=5760Kb used=1945Kb max_used=1992Kb free=3814Kb
 bounds [0x00000214ab380000, 0x00000214ab5f0000, 0x00000214ab920000]
 total_blobs=3639 nmethods=2879 adapters=663
 compilation: enabled
              stopped_count=0, restarted_count=0
 full_count=0

Compilation events (20 events):
Event: 13.572 Thread 0x00000214ba9a3ce0 3243       3       java.util.stream.FindOps$FindOp::evaluateSequential (39 bytes)
Event: 13.572 Thread 0x00000214ba9a3ce0 nmethod 3243 0x00000214a43a1510 code [0x00000214a43a1700, 0x00000214a43a1d18]
Event: 13.572 Thread 0x00000214ba9a3ce0 3244       3       java.util.stream.FindOps$FindSink::<init> (5 bytes)
Event: 13.572 Thread 0x00000214ba9a3ce0 nmethod 3244 0x00000214a401bb10 code [0x00000214a401bcc0, 0x00000214a401be28]
Event: 13.574 Thread 0x00000214ba9a3ce0 3245       3       java.awt.image.DataBufferInt::<init> (35 bytes)
Event: 13.574 Thread 0x00000214ba9a3ce0 nmethod 3245 0x00000214a3fd8910 code [0x00000214a3fd8ae0, 0x00000214a3fd8fd0]
Event: 13.574 Thread 0x00000214ba9a3ce0 3246       3       java.awt.image.DataBuffer::<init> (40 bytes)
Event: 13.574 Thread 0x00000214ba9a3ce0 nmethod 3246 0x00000214a4289c10 code [0x00000214a4289dc0, 0x00000214a428a0f0]
Event: 13.575 Thread 0x00000214ba9a3ce0 3248       3       sun.awt.image.IntegerComponentRaster::<init> (245 bytes)
Event: 13.576 Thread 0x00000214ba9a3ce0 nmethod 3248 0x00000214a4088210 code [0x00000214a40884a0, 0x00000214a40892a8]
Event: 13.576 Thread 0x00000214ba9a3ce0 3247       3       sun.awt.image.IntegerInterleavedRaster::<init> (170 bytes)
Event: 13.576 Thread 0x00000214ba9a3ce0 nmethod 3247 0x00000214a40d3790 code [0x00000214a40d39c0, 0x00000214a40d42b8]
Event: 13.605 Thread 0x00000214ba9a3ce0 3249       3       java.awt.GraphicsEnvironment::checkHeadless (15 bytes)
Event: 13.605 Thread 0x00000214ba9a2500 3251       4       jdk.internal.misc.Unsafe::allocateUninitializedArray (55 bytes)
Event: 13.606 Thread 0x00000214ba9a3ce0 nmethod 3249 0x00000214a3e9cf10 code [0x00000214a3e9d140, 0x00000214a3e9d800]
Event: 13.606 Thread 0x00000214ba9a3ce0 3250       3       sun.awt.SunToolkit::checkAndSetPolicy (13 bytes)
Event: 13.606 Thread 0x00000214ba9a3ce0 nmethod 3250 0x00000214a3e9c790 code [0x00000214a3e9c960, 0x00000214a3e9cd60]
Event: 13.606 Thread 0x00000214ba9a3ce0 3252       3       java.util.ArrayList::add (65 bytes)
Event: 13.606 Thread 0x00000214ba9a3ce0 nmethod 3252 0x00000214a40ad910 code [0x00000214a40adb20, 0x00000214a40ae1d8]
Event: 13.606 Thread 0x00000214ba9a2500 nmethod 3251 0x00000214ab93f810 code [0x00000214ab93f9a0, 0x00000214ab93fb70]

GC Heap History (20 events):
Event: 11.970 GC heap before
{Heap before GC invocations=3 (full 0):
 garbage-first heap   total 258048K, used 129964K [0x0000000704400000, 0x0000000800000000)
  region size 2048K, 7 young (14336K), 3 survivors (6144K)
 Metaspace       used 17663K, committed 17920K, reserved 1114112K
  class space    used 1846K, committed 1984K, reserved 1048576K
}
Event: 11.972 GC heap after
{Heap after GC invocations=4 (full 0):
 garbage-first heap   total 258048K, used 123506K [0x0000000704400000, 0x0000000800000000)
  region size 2048K, 3 young (6144K), 3 survivors (6144K)
 Metaspace       used 17663K, committed 17920K, reserved 1114112K
  class space    used 1846K, committed 1984K, reserved 1048576K
}
Event: 12.004 GC heap before
{Heap before GC invocations=5 (full 0):
 garbage-first heap   total 258048K, used 133746K [0x0000000704400000, 0x0000000800000000)
  region size 2048K, 7 young (14336K), 3 survivors (6144K)
 Metaspace       used 17663K, committed 17920K, reserved 1114112K
  class space    used 1846K, committed 1984K, reserved 1048576K
}
Event: 12.006 GC heap after
{Heap after GC invocations=6 (full 0):
 garbage-first heap   total 258048K, used 128254K [0x0000000704400000, 0x0000000800000000)
  region size 2048K, 4 young (8192K), 4 survivors (8192K)
 Metaspace       used 17663K, committed 17920K, reserved 1114112K
  class space    used 1846K, committed 1984K, reserved 1048576K
}
Event: 12.210 GC heap before
{Heap before GC invocations=7 (full 0):
 garbage-first heap   total 258048K, used 169214K [0x0000000704400000, 0x0000000800000000)
  region size 2048K, 24 young (49152K), 4 survivors (8192K)
 Metaspace       used 17663K, committed 17920K, reserved 1114112K
  class space    used 1846K, committed 1984K, reserved 1048576K
}
Event: 12.214 GC heap after
{Heap after GC invocations=8 (full 0):
 garbage-first heap   total 258048K, used 157601K [0x0000000704400000, 0x0000000800000000)
  region size 2048K, 7 young (14336K), 7 survivors (14336K)
 Metaspace       used 17663K, committed 17920K, reserved 1114112K
  class space    used 1846K, committed 1984K, reserved 1048576K
}
Event: 12.318 GC heap before
{Heap before GC invocations=9 (full 0):
 garbage-first heap   total 280576K, used 176033K [0x0000000704400000, 0x0000000800000000)
  region size 2048K, 13 young (26624K), 7 survivors (14336K)
 Metaspace       used 17664K, committed 17920K, reserved 1114112K
  class space    used 1846K, committed 1984K, reserved 1048576K
}
Event: 12.321 GC heap after
{Heap after GC invocations=10 (full 0):
 garbage-first heap   total 280576K, used 170960K [0x0000000704400000, 0x0000000800000000)
  region size 2048K, 6 young (12288K), 6 survivors (12288K)
 Metaspace       used 17664K, committed 17920K, reserved 1114112K
  class space    used 1846K, committed 1984K, reserved 1048576K
}
Event: 12.597 GC heap before
{Heap before GC invocations=11 (full 0):
 garbage-first heap   total 294912K, used 293840K [0x0000000704400000, 0x0000000800000000)
  region size 2048K, 32 young (65536K), 6 survivors (12288K)
 Metaspace       used 17673K, committed 17920K, reserved 1114112K
  class space    used 1846K, committed 1984K, reserved 1048576K
}
Event: 12.601 GC heap after
{Heap after GC invocations=12 (full 0):
 garbage-first heap   total 307200K, used 235425K [0x0000000704400000, 0x0000000800000000)
  region size 2048K, 6 young (12288K), 6 survivors (12288K)
 Metaspace       used 17673K, committed 17920K, reserved 1114112K
  class space    used 1846K, committed 1984K, reserved 1048576K
}
Event: 12.784 GC heap before
{Heap before GC invocations=12 (full 0):
 garbage-first heap   total 307200K, used 305057K [0x0000000704400000, 0x0000000800000000)
  region size 2048K, 24 young (49152K), 6 survivors (12288K)
 Metaspace       used 17677K, committed 17920K, reserved 1114112K
  class space    used 1846K, committed 1984K, reserved 1048576K
}
Event: 12.788 GC heap after
{Heap after GC invocations=13 (full 0):
 garbage-first heap   total 444416K, used 268998K [0x0000000704400000, 0x0000000800000000)
  region size 2048K, 1 young (2048K), 1 survivors (2048K)
 Metaspace       used 17677K, committed 17920K, reserved 1114112K
  class space    used 1846K, committed 1984K, reserved 1048576K
}
Event: 12.837 GC heap before
{Heap before GC invocations=13 (full 0):
 garbage-first heap   total 444416K, used 281286K [0x0000000704400000, 0x0000000800000000)
  region size 2048K, 8 young (16384K), 1 survivors (2048K)
 Metaspace       used 17683K, committed 17984K, reserved 1114112K
  class space    used 1846K, committed 1984K, reserved 1048576K
}
Event: 12.838 GC heap after
{Heap after GC invocations=14 (full 0):
 garbage-first heap   total 444416K, used 270393K [0x0000000704400000, 0x0000000800000000)
  region size 2048K, 2 young (4096K), 2 survivors (4096K)
 Metaspace       used 17683K, committed 17984K, reserved 1114112K
  class space    used 1846K, committed 1984K, reserved 1048576K
}
Event: 13.260 GC heap before
{Heap before GC invocations=15 (full 0):
 garbage-first heap   total 491520K, used 490600K [0x0000000704400000, 0x0000000800000000)
  region size 2048K, 56 young (114688K), 2 survivors (4096K)
 Metaspace       used 17693K, committed 17984K, reserved 1114112K
  class space    used 1846K, committed 1984K, reserved 1048576K
}
Event: 13.263 GC heap after
{Heap after GC invocations=16 (full 0):
 garbage-first heap   total 495616K, used 380835K [0x0000000704400000, 0x0000000800000000)
  region size 2048K, 2 young (4096K), 2 survivors (4096K)
 Metaspace       used 17693K, committed 17984K, reserved 1114112K
  class space    used 1846K, committed 1984K, reserved 1048576K
}
Event: 13.583 GC heap before
{Heap before GC invocations=16 (full 0):
 garbage-first heap   total 499712K, used 497571K [0x0000000704400000, 0x0000000800000000)
  region size 2048K, 36 young (73728K), 2 survivors (4096K)
 Metaspace       used 17714K, committed 17984K, reserved 1114112K
  class space    used 1846K, committed 1984K, reserved 1048576K
}
Event: 13.587 GC heap after
{Heap after GC invocations=17 (full 0):
 garbage-first heap   total 518144K, used 441296K [0x0000000704400000, 0x0000000800000000)
  region size 2048K, 6 young (12288K), 6 survivors (12288K)
 Metaspace       used 17714K, committed 17984K, reserved 1114112K
  class space    used 1846K, committed 1984K, reserved 1048576K
}
Event: 13.607 GC heap before
{Heap before GC invocations=17 (full 0):
 garbage-first heap   total 518144K, used 441296K [0x0000000704400000, 0x0000000800000000)
  region size 2048K, 7 young (14336K), 6 survivors (12288K)
 Metaspace       used 17716K, committed 17984K, reserved 1114112K
  class space    used 1846K, committed 1984K, reserved 1048576K
}
Event: 13.608 GC heap after
{Heap after GC invocations=18 (full 0):
 garbage-first heap   total 518144K, used 441520K [0x0000000704400000, 0x0000000800000000)
  region size 2048K, 1 young (2048K), 1 survivors (2048K)
 Metaspace       used 17716K, committed 17984K, reserved 1114112K
  class space    used 1846K, committed 1984K, reserved 1048576K
}

Dll operation events (10 events):
Event: 0.006 Loaded shared library C:\Program Files\Eclipse Adoptium\jdk-21.0.2.13-hotspot\bin\java.dll
Event: 0.030 Loaded shared library C:\Program Files\Eclipse Adoptium\jdk-21.0.2.13-hotspot\bin\jsvml.dll
Event: 0.045 Loaded shared library C:\Program Files\Eclipse Adoptium\jdk-21.0.2.13-hotspot\bin\net.dll
Event: 0.047 Loaded shared library C:\Program Files\Eclipse Adoptium\jdk-21.0.2.13-hotspot\bin\nio.dll
Event: 0.093 Loaded shared library C:\Program Files\Eclipse Adoptium\jdk-21.0.2.13-hotspot\bin\zip.dll
Event: 0.135 Loaded shared library C:\Program Files\Eclipse Adoptium\jdk-21.0.2.13-hotspot\bin\jimage.dll
Event: 0.138 Loaded shared library C:\Program Files\Eclipse Adoptium\jdk-21.0.2.13-hotspot\bin\awt.dll
Event: 0.193 Loaded shared library C:\Program Files\Eclipse Adoptium\jdk-21.0.2.13-hotspot\bin\freetype.dll
Event: 0.194 Loaded shared library C:\Program Files\Eclipse Adoptium\jdk-21.0.2.13-hotspot\bin\fontmanager.dll
Event: 0.300 Loaded shared library C:\Program Files\Eclipse Adoptium\jdk-21.0.2.13-hotspot\bin\javajpeg.dll

Deoptimization events (20 events):
Event: 12.094 Thread 0x0000021480874580 DEOPT PACKING pc=0x00000214a4026b9a sp=0x0000001fd51ff160
Event: 12.094 Thread 0x0000021480874580 DEOPT UNPACKING pc=0x00000214ab3d88e2 sp=0x0000001fd51fe5d8 mode 0
Event: 12.094 Thread 0x0000021480874580 DEOPT PACKING pc=0x00000214a4026b9a sp=0x0000001fd51ff160
Event: 12.094 Thread 0x0000021480874580 DEOPT UNPACKING pc=0x00000214ab3d88e2 sp=0x0000001fd51fe5d8 mode 0
Event: 13.467 Thread 0x00000214ba992640 Uncommon trap: trap_request=0xffffffde fr.pc=0x00000214ab93ff4c relative=0x000000000000012c
Event: 13.467 Thread 0x00000214ba992640 Uncommon trap: reason=class_check action=maybe_recompile pc=0x00000214ab93ff4c method=jdk.internal.misc.Unsafe.allocateUninitializedArray(Ljava/lang/Class;I)Ljava/lang/Object; @ 51 c2
Event: 13.467 Thread 0x00000214ba992640 DEOPT PACKING pc=0x00000214ab93ff4c sp=0x0000001fd43fddd0
Event: 13.467 Thread 0x00000214ba992640 DEOPT UNPACKING pc=0x00000214ab3d7da2 sp=0x0000001fd43fdd48 mode 2
Event: 13.467 Thread 0x00000214ba992640 Uncommon trap: trap_request=0xffffffde fr.pc=0x00000214ab93ff4c relative=0x000000000000012c
Event: 13.467 Thread 0x00000214ba992640 Uncommon trap: reason=class_check action=maybe_recompile pc=0x00000214ab93ff4c method=jdk.internal.misc.Unsafe.allocateUninitializedArray(Ljava/lang/Class;I)Ljava/lang/Object; @ 51 c2
Event: 13.467 Thread 0x00000214ba992640 DEOPT PACKING pc=0x00000214ab93ff4c sp=0x0000001fd43fdbe0
Event: 13.467 Thread 0x00000214ba992640 DEOPT UNPACKING pc=0x00000214ab3d7da2 sp=0x0000001fd43fdb58 mode 2
Event: 13.467 Thread 0x00000214ba992640 Uncommon trap: trap_request=0xffffffde fr.pc=0x00000214ab93ff4c relative=0x000000000000012c
Event: 13.467 Thread 0x00000214ba992640 Uncommon trap: reason=class_check action=maybe_recompile pc=0x00000214ab93ff4c method=jdk.internal.misc.Unsafe.allocateUninitializedArray(Ljava/lang/Class;I)Ljava/lang/Object; @ 51 c2
Event: 13.467 Thread 0x00000214ba992640 DEOPT PACKING pc=0x00000214ab93ff4c sp=0x0000001fd43fddd0
Event: 13.467 Thread 0x00000214ba992640 DEOPT UNPACKING pc=0x00000214ab3d7da2 sp=0x0000001fd43fdd48 mode 2
Event: 13.467 Thread 0x00000214ba992640 Uncommon trap: trap_request=0xffffffde fr.pc=0x00000214ab93ff4c relative=0x000000000000012c
Event: 13.467 Thread 0x00000214ba992640 Uncommon trap: reason=class_check action=maybe_recompile pc=0x00000214ab93ff4c method=jdk.internal.misc.Unsafe.allocateUninitializedArray(Ljava/lang/Class;I)Ljava/lang/Object; @ 51 c2
Event: 13.467 Thread 0x00000214ba992640 DEOPT PACKING pc=0x00000214ab93ff4c sp=0x0000001fd43fdc70
Event: 13.467 Thread 0x00000214ba992640 DEOPT UNPACKING pc=0x00000214ab3d7da2 sp=0x0000001fd43fdbe8 mode 2

Classes loaded (20 events):
Event: 10.846 Loading class java/awt/image/ImageFilter
Event: 10.846 Loading class java/awt/image/ImageFilter done
Event: 10.846 Loading class java/awt/image/ReplicateScaleFilter done
Event: 10.846 Loading class java/awt/image/AreaAveragingScaleFilter done
Event: 10.846 Loading class java/awt/image/FilteredImageSource
Event: 10.846 Loading class java/awt/image/FilteredImageSource done
Event: 10.847 Loading class javax/swing/plaf/synth/SynthTextAreaUI
Event: 10.847 Loading class javax/swing/plaf/basic/BasicTextAreaUI
Event: 10.848 Loading class javax/swing/plaf/basic/BasicTextAreaUI done
Event: 10.848 Loading class javax/swing/plaf/synth/SynthTextAreaUI done
Event: 10.848 Loading class javax/swing/plaf/synth/SynthTextAreaUI$Handler
Event: 10.848 Loading class javax/swing/plaf/synth/SynthTextAreaUI$Handler done
Event: 10.848 Loading class javax/swing/plaf/nimbus/TextAreaPainter
Event: 10.848 Loading class javax/swing/plaf/nimbus/TextAreaPainter done
Event: 10.856 Loading class javax/swing/text/WrappedPlainView
Event: 10.856 Loading class javax/swing/text/WrappedPlainView done
Event: 10.856 Loading class javax/swing/text/WrappedPlainView$WrappedLine
Event: 10.856 Loading class javax/swing/text/WrappedPlainView$WrappedLine done
Event: 10.862 Loading class java/lang/invoke/MethodHandle$1
Event: 10.862 Loading class java/lang/invoke/MethodHandle$1 done

Classes unloaded (0 events):
No events

Classes redefined (0 events):
No events

Internal exceptions (20 events):
Event: 0.301 Thread 0x00000214ba993360 Exception <a 'java/lang/NoSuchMethodError'{0x0000000713208dd8}: 'java.lang.Object java.lang.invoke.DirectMethodHandle$Holder.newInvokeSpecial(java.lang.Object, java.lang.Object, java.lang.Object, int, int, int, int, int)'> (0x0000000713208dd8) 
thrown [s\src\hotspot\share\interpreter\linkResolver.cpp, line 773]
Event: 0.333 Thread 0x00000214994ad420 Exception <a 'java/lang/NoSuchMethodError'{0x0000000713434a38}: 'java.lang.Object java.lang.invoke.DirectMethodHandle$Holder.newInvokeSpecial(java.lang.Object, java.lang.Object, int)'> (0x0000000713434a38) 
thrown [s\src\hotspot\share\interpreter\linkResolver.cpp, line 773]
Event: 0.334 Thread 0x00000214994ad420 Exception <a 'java/lang/NoSuchMethodError'{0x0000000713438fb0}: 'int java.lang.invoke.DirectMethodHandle$Holder.invokeSpecial(java.lang.Object, java.lang.Object, java.lang.Object, int)'> (0x0000000713438fb0) 
thrown [s\src\hotspot\share\interpreter\linkResolver.cpp, line 773]
Event: 0.335 Thread 0x00000214994ad420 Exception <a 'java/lang/NoSuchMethodError'{0x000000071344b2f0}: 'java.lang.Object java.lang.invoke.DirectMethodHandle$Holder.invokeStatic(java.lang.Object, java.lang.Object, java.lang.Object, java.lang.Object, int)'> (0x000000071344b2f0) 
thrown [s\src\hotspot\share\interpreter\linkResolver.cpp, line 773]
Event: 0.336 Thread 0x00000214994ad420 Exception <a 'java/lang/NoSuchMethodError'{0x0000000713453438}: 'int java.lang.invoke.DirectMethodHandle$Holder.invokeSpecial(java.lang.Object, java.lang.Object, java.lang.Object)'> (0x0000000713453438) 
thrown [s\src\hotspot\share\interpreter\linkResolver.cpp, line 773]
Event: 0.460 Thread 0x00000214994ad420 Exception <a 'java/lang/NoSuchMethodError'{0x0000000712f5c320}: 'void java.lang.invoke.DirectMethodHandle$Holder.invokeStaticInit(java.lang.Object)'> (0x0000000712f5c320) 
thrown [s\src\hotspot\share\interpreter\linkResolver.cpp, line 773]
Event: 0.470 Thread 0x00000214994ad420 Exception <a 'sun/nio/fs/WindowsException'{0x0000000712f8ecc0}> (0x0000000712f8ecc0) 
thrown [s\src\hotspot\share\prims\jni.cpp, line 520]
Event: 7.184 Thread 0x00000214ba992640 Implicit null exception at 0x00000214ab9d7e83 to 0x00000214ab9d83e9
Event: 7.184 Thread 0x00000214ba992640 Implicit null exception at 0x00000214ab9d00e3 to 0x00000214ab9d071f
Event: 7.184 Thread 0x00000214ba992640 Implicit null exception at 0x00000214ab9d7e83 to 0x00000214ab9d83e9
Event: 7.184 Thread 0x00000214ba992640 Implicit null exception at 0x00000214ab9d00e3 to 0x00000214ab9d071f
Event: 7.184 Thread 0x00000214ba992640 Implicit null exception at 0x00000214ab9d7e83 to 0x00000214ab9d83e9
Event: 7.433 Thread 0x00000214ba992640 Exception <a 'java/lang/NoSuchMethodError'{0x0000000713ff8a88}: 'void java.lang.invoke.DirectMethodHandle$Holder.invokeStatic(java.lang.Object, java.lang.Object)'> (0x0000000713ff8a88) 
thrown [s\src\hotspot\share\interpreter\linkResolver.cpp, line 773]
Event: 7.437 Thread 0x00000214ba992640 Exception <a 'sun/nio/fs/WindowsException'{0x0000000713c17c38}> (0x0000000713c17c38) 
thrown [s\src\hotspot\share\prims\jni.cpp, line 520]
Event: 7.457 Thread 0x00000214ba992640 Exception <a 'java/lang/NoSuchMethodError'{0x0000000713d5b838}: 'void java.lang.invoke.DirectMethodHandle$Holder.invokeStatic(java.lang.Object, java.lang.Object, java.lang.Object)'> (0x0000000713d5b838) 
thrown [s\src\hotspot\share\interpreter\linkResolver.cpp, line 773]
Event: 7.458 Thread 0x00000214ba992640 Exception <a 'java/lang/NoSuchMethodError'{0x0000000713d64760}: 'java.lang.Object java.lang.invoke.DirectMethodHandle$Holder.invokeVirtual(java.lang.Object, java.lang.Object, java.lang.Object)'> (0x0000000713d64760) 
thrown [s\src\hotspot\share\interpreter\linkResolver.cpp, line 773]
Event: 7.497 Thread 0x00000214ba992640 Exception <a 'sun/nio/fs/WindowsException'{0x000000071396cf20}> (0x000000071396cf20) 
thrown [s\src\hotspot\share\prims\jni.cpp, line 520]
Event: 7.502 Thread 0x00000214ba992640 Exception <a 'java/lang/ClassNotFoundException'{0x0000000713976a60}: jdk/net/ExtendedSocketOptions> (0x0000000713976a60) 
thrown [s\src\hotspot\share\classfile\systemDictionary.cpp, line 312]
Event: 7.610 Thread 0x00000214ba992640 Exception <a 'java/lang/NoSuchMethodError'{0x000000071334fc18}: 'int java.lang.invoke.DirectMethodHandle$Holder.invokeStatic(java.lang.Object)'> (0x000000071334fc18) 
thrown [s\src\hotspot\share\interpreter\linkResolver.cpp, line 773]
Event: 10.815 Thread 0x00000214ba992640 Exception <a 'java/lang/NoSuchMethodError'{0x000000071319ea28}: 'void java.lang.invoke.DirectMethodHandle$Holder.invokeStaticInit(java.lang.Object, java.lang.Object)'> (0x000000071319ea28) 
thrown [s\src\hotspot\share\interpreter\linkResolver.cpp, line 773]

ZGC Phase Switch (0 events):
No events

VM Operations (20 events):
Event: 12.326 Executing VM operation: G1PauseRemark done
Event: 12.327 Executing VM operation: G1PauseCleanup
Event: 12.327 Executing VM operation: G1PauseCleanup done
Event: 12.597 Executing VM operation: G1CollectForAllocation (G1 Evacuation Pause)
Event: 12.601 Executing VM operation: G1CollectForAllocation (G1 Evacuation Pause) done
Event: 12.784 Executing VM operation: G1CollectForAllocation (G1 Evacuation Pause)
Event: 12.788 Executing VM operation: G1CollectForAllocation (G1 Evacuation Pause) done
Event: 12.837 Executing VM operation: G1TryInitiateConcMark (G1 Humongous Allocation)
Event: 12.838 Executing VM operation: G1TryInitiateConcMark (G1 Humongous Allocation) done
Event: 12.841 Executing VM operation: G1PauseRemark
Event: 12.842 Executing VM operation: G1PauseRemark done
Event: 12.843 Executing VM operation: G1PauseCleanup
Event: 12.843 Executing VM operation: G1PauseCleanup done
Event: 13.260 Executing VM operation: G1CollectForAllocation (G1 Evacuation Pause)
Event: 13.263 Executing VM operation: G1CollectForAllocation (G1 Evacuation Pause) done
Event: 13.583 Executing VM operation: G1CollectForAllocation (G1 Evacuation Pause)
Event: 13.587 Executing VM operation: G1CollectForAllocation (G1 Evacuation Pause) done
Event: 13.607 Executing VM operation: G1TryInitiateConcMark (G1 Humongous Allocation)
Event: 13.608 Executing VM operation: G1TryInitiateConcMark (G1 Humongous Allocation) done
Event: 13.611 Executing VM operation: G1PauseRemark

Events (20 events):
Event: 12.219 Thread 0x00000214ba96ed60 flushing nmethod 0x00000214a40dcb90
Event: 12.326 Thread 0x00000214ba96ed60 flushing nmethod 0x00000214a417d110
Event: 12.326 Thread 0x00000214ba96ed60 flushing nmethod 0x00000214a417ac10
Event: 12.326 Thread 0x00000214ba96ed60 flushing nmethod 0x00000214a4146790
Event: 12.326 Thread 0x00000214ba96ed60 flushing nmethod 0x00000214a4167210
Event: 12.326 Thread 0x00000214ba96ed60 flushing nmethod 0x00000214a415e190
Event: 12.326 Thread 0x00000214ba96ed60 flushing nmethod 0x00000214a40fec90
Event: 12.326 Thread 0x00000214ba96ed60 flushing nmethod 0x00000214a40cb610
Event: 12.326 Thread 0x00000214ba96ed60 flushing nmethod 0x00000214a40d3390
Event: 12.326 Thread 0x00000214ba96ed60 flushing nmethod 0x00000214a40dba10
Event: 12.326 Thread 0x00000214ba96ed60 flushing nmethod 0x00000214a40c4c90
Event: 12.326 Thread 0x00000214ba96ed60 flushing nmethod 0x00000214a4052a10
Event: 12.326 Thread 0x00000214ba96ed60 flushing nmethod 0x00000214a4025890
Event: 12.326 Thread 0x00000214ba96ed60 flushing nmethod 0x00000214a3e8b790
Event: 12.326 Thread 0x00000214ba96ed60 flushing nmethod 0x00000214aba77410
Event: 12.326 Thread 0x00000214ba96ed60 flushing nmethod 0x00000214aba8e090
Event: 12.842 Thread 0x00000214ba96ed60 flushing nmethod 0x00000214a426aa90
Event: 12.842 Thread 0x00000214ba96ed60 flushing nmethod 0x00000214a42c0110
Event: 13.612 Thread 0x00000214ba96ed60 flushing nmethod 0x00000214a4270590
Event: 13.612 Thread 0x00000214ba96ed60 flushing nmethod 0x00000214a40da910


Dynamic libraries:
0x00007ff686330000 - 0x00007ff68633e000 	C:\Program Files\Eclipse Adoptium\jdk-21.0.2.13-hotspot\bin\java.exe
0x00007ffbd3b70000 - 0x00007ffbd3d86000 	C:\Windows\SYSTEM32\ntdll.dll
0x00007ffbd22b0000 - 0x00007ffbd2374000 	C:\Windows\System32\KERNEL32.DLL
0x00007ffbd1100000 - 0x00007ffbd14a7000 	C:\Windows\System32\KERNELBASE.dll
0x00007ffbd1780000 - 0x00007ffbd1891000 	C:\Windows\System32\ucrtbase.dll
0x00007ffbbab80000 - 0x00007ffbbab9b000 	C:\Program Files\Eclipse Adoptium\jdk-21.0.2.13-hotspot\bin\VCRUNTIME140.dll
0x00007ffbc6f60000 - 0x00007ffbc6f78000 	C:\Program Files\Eclipse Adoptium\jdk-21.0.2.13-hotspot\bin\jli.dll
0x00007ffbd3580000 - 0x00007ffbd372e000 	C:\Windows\System32\USER32.dll
0x00007ffbd0f60000 - 0x00007ffbd0f86000 	C:\Windows\System32\win32u.dll
0x00007ffbb3bb0000 - 0x00007ffbb3e43000 	C:\Windows\WinSxS\amd64_microsoft.windows.common-controls_6595b64144ccf1df_6.0.22621.3235_none_270f74e173860f98\COMCTL32.dll
0x00007ffbd2f40000 - 0x00007ffbd2f69000 	C:\Windows\System32\GDI32.dll
0x00007ffbd3730000 - 0x00007ffbd37d7000 	C:\Windows\System32\msvcrt.dll
0x00007ffbd14b0000 - 0x00007ffbd15c9000 	C:\Windows\System32\gdi32full.dll
0x00007ffbd0ec0000 - 0x00007ffbd0f5a000 	C:\Windows\System32\msvcp_win.dll
0x00007ffbd1a10000 - 0x00007ffbd1a41000 	C:\Windows\System32\IMM32.DLL
0x00007ffbbab70000 - 0x00007ffbbab7c000 	C:\Program Files\Eclipse Adoptium\jdk-21.0.2.13-hotspot\bin\vcruntime140_1.dll
0x00007ffba6db0000 - 0x00007ffba6e3e000 	C:\Program Files\Eclipse Adoptium\jdk-21.0.2.13-hotspot\bin\msvcp140.dll
0x00007ffb2f5e0000 - 0x00007ffb30363000 	C:\Program Files\Eclipse Adoptium\jdk-21.0.2.13-hotspot\bin\server\jvm.dll
0x00007ffbd18a0000 - 0x00007ffbd1952000 	C:\Windows\System32\ADVAPI32.dll
0x00007ffbd1a60000 - 0x00007ffbd1b08000 	C:\Windows\System32\sechost.dll
0x00007ffbd0e90000 - 0x00007ffbd0eb8000 	C:\Windows\System32\bcrypt.dll
0x00007ffbd1ea0000 - 0x00007ffbd1fb5000 	C:\Windows\System32\RPCRT4.dll
0x00007ffbd2f80000 - 0x00007ffbd2ff1000 	C:\Windows\System32\WS2_32.dll
0x00007ffbcfd30000 - 0x00007ffbcfd7d000 	C:\Windows\SYSTEM32\POWRPROF.dll
0x00007ffbc66f0000 - 0x00007ffbc66fa000 	C:\Windows\SYSTEM32\VERSION.dll
0x00007ffbc6760000 - 0x00007ffbc6794000 	C:\Windows\SYSTEM32\WINMM.dll
0x00007ffbcfd10000 - 0x00007ffbcfd23000 	C:\Windows\SYSTEM32\UMPDC.dll
0x00007ffbcffc0000 - 0x00007ffbcffd8000 	C:\Windows\SYSTEM32\kernel.appcore.dll
0x00007ffbbab60000 - 0x00007ffbbab6a000 	C:\Program Files\Eclipse Adoptium\jdk-21.0.2.13-hotspot\bin\jimage.dll
0x00007ffbce6e0000 - 0x00007ffbce913000 	C:\Windows\SYSTEM32\DBGHELP.DLL
0x00007ffbd1b10000 - 0x00007ffbd1e98000 	C:\Windows\System32\combase.dll
0x00007ffbd2070000 - 0x00007ffbd2147000 	C:\Windows\System32\OLEAUT32.dll
0x00007ffbc23b0000 - 0x00007ffbc23e2000 	C:\Windows\SYSTEM32\dbgcore.DLL
0x00007ffbd15d0000 - 0x00007ffbd1649000 	C:\Windows\System32\bcryptPrimitives.dll
0x00007ffbbaaa0000 - 0x00007ffbbaabf000 	C:\Program Files\Eclipse Adoptium\jdk-21.0.2.13-hotspot\bin\java.dll
0x00007ffbd26c0000 - 0x00007ffbd2f1c000 	C:\Windows\System32\SHELL32.dll
0x00007ffbcedc0000 - 0x00007ffbcf6b9000 	C:\Windows\SYSTEM32\windows.storage.dll
0x00007ffbcec80000 - 0x00007ffbcedbe000 	C:\Windows\SYSTEM32\wintypes.dll
0x00007ffbd2530000 - 0x00007ffbd2623000 	C:\Windows\System32\SHCORE.dll
0x00007ffbd19b0000 - 0x00007ffbd1a0e000 	C:\Windows\System32\shlwapi.dll
0x00007ffbd0dc0000 - 0x00007ffbd0de1000 	C:\Windows\SYSTEM32\profapi.dll
0x00007ffba6cd0000 - 0x00007ffba6da7000 	C:\Program Files\Eclipse Adoptium\jdk-21.0.2.13-hotspot\bin\jsvml.dll
0x00007ffbbab50000 - 0x00007ffbbab60000 	C:\Program Files\Eclipse Adoptium\jdk-21.0.2.13-hotspot\bin\net.dll
0x00007ffbc8220000 - 0x00007ffbc8356000 	C:\Windows\SYSTEM32\WINHTTP.dll
0x00007ffbd0430000 - 0x00007ffbd0499000 	C:\Windows\system32\mswsock.dll
0x00007ffbb9cb0000 - 0x00007ffbb9cc6000 	C:\Program Files\Eclipse Adoptium\jdk-21.0.2.13-hotspot\bin\nio.dll
0x00007ffbb9c00000 - 0x00007ffbb9c18000 	C:\Program Files\Eclipse Adoptium\jdk-21.0.2.13-hotspot\bin\zip.dll
0x00007ffb78e20000 - 0x00007ffb78fad000 	C:\Program Files\Eclipse Adoptium\jdk-21.0.2.13-hotspot\bin\awt.dll
0x00007ffbcb480000 - 0x00007ffbcb517000 	C:\Windows\SYSTEM32\apphelp.dll
0x00007ffbcb590000 - 0x00007ffbcb63b000 	C:\Windows\system32\uxtheme.dll
0x00007ffbd2150000 - 0x00007ffbd22a3000 	C:\Windows\System32\MSCTF.dll
0x00007ffbd2380000 - 0x00007ffbd2525000 	C:\Windows\System32\ole32.dll
0x00007ffba0b20000 - 0x00007ffba0ba7000 	C:\Program Files\Eclipse Adoptium\jdk-21.0.2.13-hotspot\bin\freetype.dll
0x00007ffb81210000 - 0x00007ffb812f2000 	C:\Program Files\Eclipse Adoptium\jdk-21.0.2.13-hotspot\bin\fontmanager.dll
0x00007ffbcb810000 - 0x00007ffbcb83b000 	C:\Windows\system32\DWMAPI.DLL
0x00007ffbb8950000 - 0x00007ffbb8a50000 	C:\Windows\system32\opengl32.dll
0x00007ffbba420000 - 0x00007ffbba44d000 	C:\Windows\SYSTEM32\GLU32.dll
0x00007ffbce130000 - 0x00007ffbce169000 	C:\Windows\SYSTEM32\dxcore.dll
0x00007ffbb8db0000 - 0x00007ffbb8dde000 	C:\Program Files\Eclipse Adoptium\jdk-21.0.2.13-hotspot\bin\javajpeg.dll
0x00007ffbd1fc0000 - 0x00007ffbd2070000 	C:\Windows\System32\clbcatq.dll
0x00007ffbca380000 - 0x00007ffbca530000 	C:\Windows\SYSTEM32\WindowsCodecs.dll
0x00007ffbb9c50000 - 0x00007ffbb9cae000 	C:\Windows\system32\dataexchange.dll
0x00007ffbc2f30000 - 0x00007ffbc31be000 	C:\Windows\system32\twinapi.appcore.dll
0x00007ffbad2f0000 - 0x00007ffbad43a000 	C:\Windows\SYSTEM32\textinputframework.dll
0x00007ffbcb190000 - 0x00007ffbcb2c4000 	C:\Windows\SYSTEM32\CoreMessaging.dll
0x00007ffbc4d50000 - 0x00007ffbc50bc000 	C:\Windows\SYSTEM32\CoreUIComponents.dll
0x00007ffbd06b0000 - 0x00007ffbd06bc000 	C:\Windows\SYSTEM32\CRYPTBASE.DLL
0x00007ffbcf9d0000 - 0x00007ffbcfac9000 	C:\Windows\SYSTEM32\DNSAPI.dll
0x00007ffbcf9a0000 - 0x00007ffbcf9cd000 	C:\Windows\SYSTEM32\IPHLPAPI.DLL
0x00007ffbd1a50000 - 0x00007ffbd1a59000 	C:\Windows\System32\NSI.dll
0x00007ffbc6700000 - 0x00007ffbc670a000 	C:\Windows\System32\rasadhlp.dll
0x00007ffbc6130000 - 0x00007ffbc61b3000 	C:\Windows\System32\fwpuclnt.dll

dbghelp: loaded successfully - version: 4.0.5 - missing functions: none
symbol engine: initialized successfully - sym options: 0x614 - pdb path: .;C:\Program Files\Eclipse Adoptium\jdk-21.0.2.13-hotspot\bin;C:\Windows\SYSTEM32;C:\Windows\WinSxS\amd64_microsoft.windows.common-controls_6595b64144ccf1df_6.0.22621.3235_none_270f74e173860f98;C:\Program Files\Eclipse Adoptium\jdk-21.0.2.13-hotspot\bin\server

VM Arguments:
jvm_args: -XX:+ShowCodeDetailsInExceptionMessages --module-path=E:\Code\JavaNew\doAnSuperReal\bin;E:\Code\JavaNew\doAnSuperReal\src\lib\jcalendar-1.4.jar;E:\Code\JavaNew\doAnSuperReal\src\lib\jgoodies-common-1.2.0.jar;E:\Code\JavaNew\doAnSuperReal\src\lib\jgoodies-looks-2.4.1.jar;E:\Code\JavaNew\doAnSuperReal\src\lib\junit-4.6.jar;E:\Code\JavaNew\doAnSuperReal\src\lib\mysql-connector-java-8.0.30.jar;E:\Code\JavaNew\doAnSuperReal\src\lib\protobuf-java-3.19.4.jar -Djdk.module.main=projectJava 
java_command: projectJava/test.test
java_class_path (initial): E:\Code\JavaNew\doAnSuperReal\jgoodies-common-1.8.0.jar;E:\Code\JavaNew\doAnSuperReal\jgoodies-forms-1.8.0.jar
Launcher Type: SUN_STANDARD

[Global flags]
     intx CICompilerCount                          = 4                                         {product} {ergonomic}
     uint ConcGCThreads                            = 3                                         {product} {ergonomic}
     uint G1ConcRefinementThreads                  = 10                                        {product} {ergonomic}
   size_t G1HeapRegionSize                         = 2097152                                   {product} {ergonomic}
    uintx GCDrainStackTargetSize                   = 64                                        {product} {ergonomic}
   size_t InitialHeapSize                          = 264241152                                 {product} {ergonomic}
   size_t MarkStackSize                            = 4194304                                   {product} {ergonomic}
   size_t MaxHeapSize                              = 4223664128                                {product} {ergonomic}
   size_t MaxNewSize                               = 2533359616                                {product} {ergonomic}
   size_t MinHeapDeltaBytes                        = 2097152                                   {product} {ergonomic}
   size_t MinHeapSize                              = 8388608                                   {product} {ergonomic}
    uintx NonNMethodCodeHeapSize                   = 5839372                                {pd product} {ergonomic}
    uintx NonProfiledCodeHeapSize                  = 122909434                              {pd product} {ergonomic}
    uintx ProfiledCodeHeapSize                     = 122909434                              {pd product} {ergonomic}
    uintx ReservedCodeCacheSize                    = 251658240                              {pd product} {ergonomic}
     bool SegmentedCodeCache                       = true                                      {product} {ergonomic}
     bool ShowCodeDetailsInExceptionMessages       = true                                   {manageable} {command line}
   size_t SoftMaxHeapSize                          = 4223664128                             {manageable} {ergonomic}
     bool UseCompressedOops                        = true                           {product lp64_product} {ergonomic}
     bool UseG1GC                                  = true                                      {product} {ergonomic}
     bool UseLargePagesIndividualAllocation        = false                                  {pd product} {ergonomic}

Logging:
Log output configuration:
 #0: stdout all=warning uptime,level,tags foldmultilines=false
 #1: stderr all=off uptime,level,tags foldmultilines=false

Environment Variables:
PATH=C:\Program Files\Eclipse Adoptium\jdk-21.0.2.13-hotspot\bin;C:\Program Files\Microsoft\jdk-11.0.16.101-hotspot\bin;C:\Program Files\Common Files\Oracle\Java\javapath;C:\Windows\system32;C:\Windows;C:\Windows\System32\Wbem;C:\Windows\System32\WindowsPowerShell\v1.0\;C:\Windows\System32\OpenSSH\;C:\Program Files (x86)\NVIDIA Corporation\PhysX\Common;C:\Program Files\NVIDIA Corporation\NVIDIA NvDLISR;C:\jdk-21_windows-x64_bin\jdk-21\bin;C:\MinGW\bin;C:\Program Files (x86)\Microsoft SQL Server\160\Tools\Binn\;C:\Program Files\Microsoft SQL Server\160\Tools\Binn\;C:\Program Files\Microsoft SQL Server\Client SDK\ODBC\170\Tools\Binn\;C:\Program Files\Microsoft SQL Server\160\DTS\Binn\;C:\Program Files (x86)\Microsoft SQL Server\160\DTS\Binn\;C:\Program Files\Azure Data Studio\bin;C:\Program Files (x86)\Windows Kits\10\Windows Performance Toolkit\;C:\Program Files\dotnet\;C:\Program Files\Git\cmd;E:\Code\Python\Doanreal\Scripts;E:\Scripts\;E:\;C:\Users\NHAT NAM\AppData\Local\Programs\Python\Python312\Scripts\;C:\Users\NHAT NAM\AppData\Local\Programs\Python\Python312\;C:\Users\NHAT NAM\AppData\Local\Programs\Python\Launcher\;C:\Users\NHAT NAM\AppData\Local\Microsoft\WindowsApps;C:\Users\NHAT NAM\AppData\Local\Programs\Microsoft VS Code\bin;C:\Program Files\Azure Data Studio\bin;C:\Users\NHAT NAM\.dotnet\tools
USERNAME=NHAT NAM
LANG=en_US.UTF-8
OS=Windows_NT
PROCESSOR_IDENTIFIER=Intel64 Family 6 Model 141 Stepping 1, GenuineIntel
TMP=C:\Users\NHATNA~1\AppData\Local\Temp
TEMP=C:\Users\NHATNA~1\AppData\Local\Temp




Periodic native trim disabled

---------------  S Y S T E M  ---------------

OS:
 Windows 11 , 64 bit Build 22621 (10.0.22621.3374)
OS uptime: 8 days 7:35 hours
Hyper-V role detected

CPU: total 12 (initial active 12) (6 cores per cpu, 2 threads per core) family 6 model 141 stepping 1 microcode 0x34, cx8, cmov, fxsr, ht, mmx, 3dnowpref, sse, sse2, sse3, ssse3, sse4.1, sse4.2, popcnt, lzcnt, tsc, tscinvbit, avx, avx2, aes, erms, clmul, bmi1, bmi2, adx, avx512f, avx512dq, avx512cd, avx512bw, avx512vl, sha, fma, vzeroupper, avx512_vpopcntdq, avx512_vpclmulqdq, avx512_vaes, avx512_vnni, clflush, clflushopt, clwb, avx512_vbmi2, avx512_vbmi, hv, rdtscp, rdpid, fsrm, gfni, avx512_bitalg, f16c, cet_ibt, cet_ss, avx512_ifma
Processor Information for all 12 processors :
  Max Mhz: 2688, Current Mhz: 2688, Mhz Limit: 2688

Memory: 4k page, system-wide physical 16106M (4497M free)
TotalPageFile size 52018M (AvailPageFile size 127M)
current process WorkingSet (physical memory assigned to process): 600M, peak: 600M
current process commit charge ("private bytes"): 652M, peak: 880M

vm_info: OpenJDK 64-Bit Server VM (21.0.2+13-LTS) for windows-amd64 JRE (21.0.2+13-LTS), built on 2024-01-16T00:00:00Z by "admin" with unknown MS VC++:1937

END.
