#
# There is insufficient memory for the Java Runtime Environment to continue.
# Native memory allocation (mmap) failed to map 2097152 bytes for G1 virtual space
# Possible reasons:
#   The system is out of physical RAM or swap space
#   The process is running with CompressedOops enabled, and the Java Heap may be blocking the growth of the native heap
# Possible solutions:
#   Reduce memory load on the system
#   Increase physical memory or swap space
#   Check if swap backing store is full
#   Decrease Java heap size (-Xmx/-Xms)
#   Decrease number of Java threads
#   Decrease Java thread stack sizes (-Xss)
#   Set larger code cache with -XX:ReservedCodeCacheSize=
#   JVM is running with Zero Based Compressed Oops mode in which the Java heap is
#     placed in the first 32GB address space. The Java Heap base address is the
#     maximum limit for the native heap growth. Please use -XX:HeapBaseMinAddress
#     to set the Java Heap base and to place the Java Heap above 32GB virtual address.
# This output file may be truncated or incomplete.
#
#  Out of Memory Error (os_windows.cpp:3600), pid=15076, tid=4656
#
# JRE version: OpenJDK Runtime Environment Temurin-21.0.2+13 (21.0.2+13) (build 21.0.2+13-LTS)
# Java VM: OpenJDK 64-Bit Server VM Temurin-21.0.2+13 (21.0.2+13-LTS, mixed mode, sharing, tiered, compressed oops, compressed class ptrs, g1 gc, windows-amd64)
# No core dump will be written. Minidumps are not enabled by default on client versions of Windows
#

---------------  S U M M A R Y ------------

Command Line: -XX:+ShowCodeDetailsInExceptionMessages --module-path=E:\Code\JavaNew\doAnSuperReal\bin;E:\Code\JavaNew\doAnSuperReal\src\lib\jcalendar-1.4.jar;E:\Code\JavaNew\doAnSuperReal\src\lib\jgoodies-common-1.2.0.jar;E:\Code\JavaNew\doAnSuperReal\src\lib\jgoodies-looks-2.4.1.jar;E:\Code\JavaNew\doAnSuperReal\src\lib\junit-4.6.jar;E:\Code\JavaNew\doAnSuperReal\src\lib\mysql-connector-java-8.0.30.jar;E:\Code\JavaNew\doAnSuperReal\src\lib\protobuf-java-3.19.4.jar -Djdk.module.main=projectJava projectJava/GUI.Viewtrangchu

Host: 11th Gen Intel(R) Core(TM) i5-11400H @ 2.70GHz, 12 cores, 15G,  Windows 11 , 64 bit Build 22621 (10.0.22621.3374)
Time: Tue Apr 23 20:12:28 2024 SE Asia Standard Time elapsed time: 2.187235 seconds (0d 0h 0m 2s)

---------------  T H R E A D  ---------------

Current thread (0x000002076e3d03e0):  WorkerThread "GC Thread#1"    [id=4656, stack(0x0000005d4b000000,0x0000005d4b100000) (1024K)]

Stack: [0x0000005d4b000000,0x0000005d4b100000]
Native frames: (J=compiled Java code, j=interpreted, Vv=VM code, C=native code)
V  [jvm.dll+0x6c94f9]
V  [jvm.dll+0x8a3c21]
V  [jvm.dll+0x8a614e]
V  [jvm.dll+0x8a6823]
V  [jvm.dll+0x27fa86]
V  [jvm.dll+0x6c5c75]
V  [jvm.dll+0x6ba96a]
V  [jvm.dll+0x35398a]
V  [jvm.dll+0x35b536]
V  [jvm.dll+0x3ac3bb]
V  [jvm.dll+0x3aca54]
V  [jvm.dll+0x3acb1d]
V  [jvm.dll+0x3291ec]
V  [jvm.dll+0x328f45]
V  [jvm.dll+0x319a56]
V  [jvm.dll+0x31a86a]
V  [jvm.dll+0x31acd8]
V  [jvm.dll+0x31a6ce]
V  [jvm.dll+0x3557a6]
V  [jvm.dll+0x355b7a]
V  [jvm.dll+0x363fe4]
V  [jvm.dll+0x6b7f29]
V  [jvm.dll+0x314619]
V  [jvm.dll+0x313f7d]
V  [jvm.dll+0x3ebbd5]
V  [jvm.dll+0x84cea6]
V  [jvm.dll+0x856931]
V  [jvm.dll+0x3646da]
V  [jvm.dll+0x36456a]
V  [jvm.dll+0x36be34]
V  [jvm.dll+0x36bfab]
V  [jvm.dll+0x8d0f87]
V  [jvm.dll+0x84cb3b]
V  [jvm.dll+0x6c7c2d]
C  [ucrtbase.dll+0x29333]
C  [KERNEL32.DLL+0x1257d]
C  [ntdll.dll+0x5aa48]

JavaThread 0x0000020728b01db0 (nid = 28880) was being processed
Java frames: (J=compiled Java code, j=interpreted, Vv=VM code)
j  jdk.internal.misc.Unsafe.park(ZJ)V+0 java.base@21.0.2
j  java.util.concurrent.locks.LockSupport.parkNanos(Ljava/lang/Object;J)V+34 java.base@21.0.2
j  java.util.concurrent.locks.AbstractQueuedSynchronizer$ConditionObject.await(JLjava/util/concurrent/TimeUnit;)Z+134 java.base@21.0.2
j  java.lang.ref.ReferenceQueue.await(J)V+8 java.base@21.0.2
J 1958 c1 java.lang.ref.ReferenceQueue.remove0(J)Ljava/lang/ref/Reference; java.base@21.0.2 (64 bytes) @ 0x0000020711c0bdd4 [0x0000020711c0bb20+0x00000000000002b4]
J 1957 c1 java.lang.ref.ReferenceQueue.remove(J)Ljava/lang/ref/Reference; java.base@21.0.2 (61 bytes) @ 0x0000020711c0acfc [0x0000020711c0a9a0+0x000000000000035c]
j  jdk.internal.ref.CleanerImpl.run()V+45 java.base@21.0.2
j  java.lang.Thread.runWith(Ljava/lang/Object;Ljava/lang/Runnable;)V+5 java.base@21.0.2
j  java.lang.Thread.run()V+19 java.base@21.0.2
j  jdk.internal.misc.InnocuousThread.run()V+20 java.base@21.0.2
v  ~StubRoutines::call_stub 0x0000020718d910e7

---------------  P R O C E S S  ---------------

Threads class SMR info:
_java_thread_list=0x000002076e5f0360, length=19, elements={
0x00000207288b2500, 0x00000207288b3420, 0x00000207288b47d0, 0x00000207288b6440,
0x00000207288b6ea0, 0x00000207288ba850, 0x00000207288bfa30, 0x00000207288ccea0,
0x0000020728b01db0, 0x000002076e04b520, 0x000002076e0414b0, 0x000002076e0420c0,
0x000002076e1025d0, 0x000002076e1117e0, 0x000002070703e320, 0x000002076e18ba10,
0x000002076e19e140, 0x000002076e4fd1e0, 0x000002076f66f010
}

Java Threads: ( => current thread )
  0x00000207288b2500 JavaThread "Reference Handler"          daemon [_thread_blocked, id=11356, stack(0x0000005d49e00000,0x0000005d49f00000) (1024K)]
  0x00000207288b3420 JavaThread "Finalizer"                  daemon [_thread_blocked, id=9632, stack(0x0000005d49f00000,0x0000005d4a000000) (1024K)]
  0x00000207288b47d0 JavaThread "Signal Dispatcher"          daemon [_thread_blocked, id=12596, stack(0x0000005d4a000000,0x0000005d4a100000) (1024K)]
  0x00000207288b6440 JavaThread "Attach Listener"            daemon [_thread_blocked, id=10404, stack(0x0000005d4a100000,0x0000005d4a200000) (1024K)]
  0x00000207288b6ea0 JavaThread "Service Thread"             daemon [_thread_blocked, id=29524, stack(0x0000005d4a200000,0x0000005d4a300000) (1024K)]
  0x00000207288ba850 JavaThread "Monitor Deflation Thread"   daemon [_thread_blocked, id=23732, stack(0x0000005d4a300000,0x0000005d4a400000) (1024K)]
  0x00000207288bfa30 JavaThread "C2 CompilerThread0"         daemon [_thread_blocked, id=10420, stack(0x0000005d4a400000,0x0000005d4a500000) (1024K)]
  0x00000207288ccea0 JavaThread "C1 CompilerThread0"         daemon [_thread_blocked, id=23364, stack(0x0000005d4a500000,0x0000005d4a600000) (1024K)]
  0x0000020728b01db0 JavaThread "Common-Cleaner"             daemon [_thread_blocked, id=28880, stack(0x0000005d4a600000,0x0000005d4a700000) (1024K)]
  0x000002076e04b520 JavaThread "Notification Thread"        daemon [_thread_blocked, id=15176, stack(0x0000005d4a900000,0x0000005d4aa00000) (1024K)]
  0x000002076e0414b0 JavaThread "Java2D Disposer"            daemon [_thread_blocked, id=21308, stack(0x0000005d4aa00000,0x0000005d4ab00000) (1024K)]
  0x000002076e0420c0 JavaThread "AWT-Shutdown"                      [_thread_blocked, id=20376, stack(0x0000005d4ab00000,0x0000005d4ac00000) (1024K)]
  0x000002076e1025d0 JavaThread "AWT-Windows"                daemon [_thread_in_native, id=23736, stack(0x0000005d4ac00000,0x0000005d4ad00000) (1024K)]
  0x000002076e1117e0 JavaThread "AWT-EventQueue-0"                  [_thread_blocked, id=25112, stack(0x0000005d4ad00000,0x0000005d4ae00000) (1024K)]
  0x000002070703e320 JavaThread "DestroyJavaVM"                     [_thread_blocked, id=22208, stack(0x0000005d49600000,0x0000005d49700000) (1024K)]
  0x000002076e18ba10 JavaThread "Image Fetcher 0"            daemon [_thread_blocked, id=9380, stack(0x0000005d4ae00000,0x0000005d4af00000) (1024K)]
  0x000002076e19e140 JavaThread "mysql-cj-abandoned-connection-cleanup" daemon [_thread_blocked, id=28108, stack(0x0000005d4af00000,0x0000005d4b000000) (1024K)]
  0x000002076e4fd1e0 JavaThread "TimerQueue"                 daemon [_thread_blocked, id=28024, stack(0x0000005d4b900000,0x0000005d4ba00000) (1024K)]
  0x000002076f66f010 JavaThread "Image Fetcher 1"            daemon [_thread_blocked, id=14192, stack(0x0000005d4ba00000,0x0000005d4bb00000) (1024K)]
Total: 19

Other Threads:
  0x0000020728897010 VMThread "VM Thread"                           [id=14800, stack(0x0000005d49d00000,0x0000005d49e00000) (1024K)]
  0x00000207288809a0 WatcherThread "VM Periodic Task Thread"        [id=3292, stack(0x0000005d49c00000,0x0000005d49d00000) (1024K)]
  0x00000207091f09b0 WorkerThread "GC Thread#0"                     [id=18252, stack(0x0000005d49700000,0x0000005d49800000) (1024K)]
=>0x000002076e3d03e0 WorkerThread "GC Thread#1"                     [id=4656, stack(0x0000005d4b000000,0x0000005d4b100000) (1024K)]
  0x000002076e3d0780 WorkerThread "GC Thread#2"                     [id=13896, stack(0x0000005d4b100000,0x0000005d4b200000) (1024K)]
  0x000002076e3c8bc0 WorkerThread "GC Thread#3"                     [id=21912, stack(0x0000005d4b200000,0x0000005d4b300000) (1024K)]
  0x000002076e3c9360 WorkerThread "GC Thread#4"                     [id=9732, stack(0x0000005d4b300000,0x0000005d4b400000) (1024K)]
  0x000002076e3c9910 WorkerThread "GC Thread#5"                     [id=22924, stack(0x0000005d4b400000,0x0000005d4b500000) (1024K)]
  0x000002076e495740 WorkerThread "GC Thread#6"                     [id=25088, stack(0x0000005d4b500000,0x0000005d4b600000) (1024K)]
  0x000002076e499af0 WorkerThread "GC Thread#7"                     [id=18420, stack(0x0000005d4b600000,0x0000005d4b700000) (1024K)]
  0x000002076e499e90 WorkerThread "GC Thread#8"                     [id=13324, stack(0x0000005d4b700000,0x0000005d4b800000) (1024K)]
  0x000002076e49a230 WorkerThread "GC Thread#9"                     [id=28424, stack(0x0000005d4b800000,0x0000005d4b900000) (1024K)]
  0x0000020709201550 ConcurrentGCThread "G1 Main Marker"            [id=11240, stack(0x0000005d49800000,0x0000005d49900000) (1024K)]
  0x0000020709202200 WorkerThread "G1 Conc#0"                       [id=6372, stack(0x0000005d49900000,0x0000005d49a00000) (1024K)]
  0x000002076e62d5e0 WorkerThread "G1 Conc#1"                       [id=16608, stack(0x0000005d4a800000,0x0000005d4a900000) (1024K)]
  0x000002076e62e0c0 WorkerThread "G1 Conc#2"                       [id=22436, stack(0x0000005d4bb00000,0x0000005d4bc00000) (1024K)]
  0x000002070924e9e0 ConcurrentGCThread "G1 Refine#0"               [id=15916, stack(0x0000005d49a00000,0x0000005d49b00000) (1024K)]
  0x000002072874f7b0 ConcurrentGCThread "G1 Service"                [id=25956, stack(0x0000005d49b00000,0x0000005d49c00000) (1024K)]
Total: 18

Threads with active compile tasks:
Total: 0

VM state: at safepoint (normal execution)

VM Mutex/Monitor currently owned by a thread:  ([mutex/lock_event])
[0x00007ffb2eea0c18] FreeList_lock - owner thread: 0x000002076e3d03e0
[0x00007ffb2eea3198] Threads_lock - owner thread: 0x0000020728897010
[0x00007ffb2eea3298] Heap_lock - owner thread: 0x000002076e18ba10

Heap address: 0x0000000704400000, size: 4028 MB, Compressed Oops mode: Zero based, Oop shift amount: 3

CDS archive(s) mapped at: [0x0000020729000000-0x0000020729c90000-0x0000020729c90000), size 13172736, SharedBaseAddress: 0x0000020729000000, ArchiveRelocationMode: 1.
Compressed class space mapped at: 0x000002072a000000-0x000002076a000000, reserved size: 1073741824
Narrow klass base: 0x0000020729000000, Narrow klass shift: 0, Narrow klass range: 0x100000000

GC Precious Log:
 CardTable entry size: 512
 Card Set container configuration: InlinePtr #cards 4 size 8 Array Of Cards #cards 16 size 48 Howl #buckets 8 coarsen threshold 3686 Howl Bitmap #cards 512 size 80 coarsen threshold 460 Card regions per heap region 1 cards per card region 4096
 CPUs: 12 total, 12 available
 Memory: 16106M
 Large Page Support: Disabled
 NUMA Support: Disabled
 Compressed Oops: Enabled (Zero based)
 Heap Region Size: 2M
 Heap Min Capacity: 8M
 Heap Initial Capacity: 252M
 Heap Max Capacity: 4028M
 Pre-touch: Disabled
 Parallel Workers: 10
 Concurrent Workers: 3
 Concurrent Refinement Workers: 10
 Periodic GC: Disabled

Heap:
 garbage-first heap   total 290816K, used 288907K [0x0000000704400000, 0x0000000800000000)
  region size 2048K, 30 young (61440K), 0 survivors (0K)
 Metaspace       used 12528K, committed 12736K, reserved 1114112K
  class space    used 1296K, committed 1408K, reserved 1048576K

Heap Regions: E=young(eden), S=young(survivor), O=old, HS=humongous(starts), HC=humongous(continues), CS=collection set, F=free, TAMS=top-at-mark-start, PB=parsable bottom
|   0|0x0000000704400000, 0x0000000704600000, 0x0000000704600000|100%|HS|  |TAMS 0x0000000704400000| PB 0x0000000704400000| Complete 
|   1|0x0000000704600000, 0x0000000704800000, 0x0000000704800000|100%|HC|  |TAMS 0x0000000704600000| PB 0x0000000704600000| Complete 
|   2|0x0000000704800000, 0x0000000704a00000, 0x0000000704a00000|100%|HC|  |TAMS 0x0000000704800000| PB 0x0000000704800000| Complete 
|   3|0x0000000704a00000, 0x0000000704c00000, 0x0000000704c00000|100%|HC|  |TAMS 0x0000000704a00000| PB 0x0000000704a00000| Complete 
|   4|0x0000000704c00000, 0x0000000704e00000, 0x0000000704e00000|100%|HC|  |TAMS 0x0000000704c00000| PB 0x0000000704c00000| Complete 
|   5|0x0000000704e00000, 0x0000000705000000, 0x0000000705000000|100%|HC|  |TAMS 0x0000000704e00000| PB 0x0000000704e00000| Complete 
|   6|0x0000000705000000, 0x0000000705200000, 0x0000000705200000|100%|HC|  |TAMS 0x0000000705000000| PB 0x0000000705000000| Complete 
|   7|0x0000000705200000, 0x0000000705400000, 0x0000000705400000|100%|HC|  |TAMS 0x0000000705200000| PB 0x0000000705200000| Complete 
|   8|0x0000000705400000, 0x0000000705600000, 0x0000000705600000|100%|HS|  |TAMS 0x0000000705400000| PB 0x0000000705400000| Complete 
|   9|0x0000000705600000, 0x0000000705800000, 0x0000000705800000|100%|HC|  |TAMS 0x0000000705600000| PB 0x0000000705600000| Complete 
|  10|0x0000000705800000, 0x0000000705a00000, 0x0000000705a00000|100%|HC|  |TAMS 0x0000000705800000| PB 0x0000000705800000| Complete 
|  11|0x0000000705a00000, 0x0000000705c00000, 0x0000000705c00000|100%|HC|  |TAMS 0x0000000705a00000| PB 0x0000000705a00000| Complete 
|  12|0x0000000705c00000, 0x0000000705e00000, 0x0000000705e00000|100%|HC|  |TAMS 0x0000000705c00000| PB 0x0000000705c00000| Complete 
|  13|0x0000000705e00000, 0x0000000706000000, 0x0000000706000000|100%|HC|  |TAMS 0x0000000705e00000| PB 0x0000000705e00000| Complete 
|  14|0x0000000706000000, 0x0000000706200000, 0x0000000706200000|100%|HC|  |TAMS 0x0000000706000000| PB 0x0000000706000000| Complete 
|  15|0x0000000706200000, 0x0000000706400000, 0x0000000706400000|100%|HC|  |TAMS 0x0000000706200000| PB 0x0000000706200000| Complete 
|  16|0x0000000706400000, 0x0000000706600000, 0x0000000706600000|100%| O|  |TAMS 0x0000000706400000| PB 0x0000000706400000| Untracked 
|  17|0x0000000706600000, 0x0000000706800000, 0x0000000706800000|100%| O|  |TAMS 0x0000000706600000| PB 0x0000000706600000| Untracked 
|  18|0x0000000706800000, 0x0000000706a00000, 0x0000000706a00000|100%|HS|  |TAMS 0x0000000706800000| PB 0x0000000706800000| Complete 
|  19|0x0000000706a00000, 0x0000000706c00000, 0x0000000706c00000|100%|HC|  |TAMS 0x0000000706a00000| PB 0x0000000706a00000| Complete 
|  20|0x0000000706c00000, 0x0000000706e00000, 0x0000000706e00000|100%|HS|  |TAMS 0x0000000706c00000| PB 0x0000000706c00000| Complete 
|  21|0x0000000706e00000, 0x0000000707000000, 0x0000000707000000|100%|HC|  |TAMS 0x0000000706e00000| PB 0x0000000706e00000| Complete 
|  22|0x0000000707000000, 0x0000000707200000, 0x0000000707200000|100%|HS|  |TAMS 0x0000000707000000| PB 0x0000000707000000| Complete 
|  23|0x0000000707200000, 0x0000000707400000, 0x0000000707400000|100%|HC|  |TAMS 0x0000000707200000| PB 0x0000000707200000| Complete 
|  24|0x0000000707400000, 0x0000000707600000, 0x0000000707600000|100%|HS|  |TAMS 0x0000000707400000| PB 0x0000000707400000| Complete 
|  25|0x0000000707600000, 0x0000000707800000, 0x0000000707800000|100%|HC|  |TAMS 0x0000000707600000| PB 0x0000000707600000| Complete 
|  26|0x0000000707800000, 0x0000000707a00000, 0x0000000707a00000|100%|HS|  |TAMS 0x0000000707800000| PB 0x0000000707800000| Complete 
|  27|0x0000000707a00000, 0x0000000707c00000, 0x0000000707c00000|100%|HC|  |TAMS 0x0000000707a00000| PB 0x0000000707a00000| Complete 
|  28|0x0000000707c00000, 0x0000000707e00000, 0x0000000707e00000|100%|HS|  |TAMS 0x0000000707c00000| PB 0x0000000707c00000| Complete 
|  29|0x0000000707e00000, 0x0000000708000000, 0x0000000708000000|100%|HC|  |TAMS 0x0000000707e00000| PB 0x0000000707e00000| Complete 
|  30|0x0000000708000000, 0x0000000708200000, 0x0000000708200000|100%|HS|  |TAMS 0x0000000708000000| PB 0x0000000708000000| Complete 
|  31|0x0000000708200000, 0x0000000708400000, 0x0000000708400000|100%|HC|  |TAMS 0x0000000708200000| PB 0x0000000708200000| Complete 
|  32|0x0000000708400000, 0x0000000708600000, 0x0000000708600000|100%|HS|  |TAMS 0x0000000708400000| PB 0x0000000708400000| Complete 
|  33|0x0000000708600000, 0x0000000708800000, 0x0000000708800000|100%|HC|  |TAMS 0x0000000708600000| PB 0x0000000708600000| Complete 
|  34|0x0000000708800000, 0x0000000708a00000, 0x0000000708a00000|100%|HS|  |TAMS 0x0000000708800000| PB 0x0000000708800000| Complete 
|  35|0x0000000708a00000, 0x0000000708c00000, 0x0000000708c00000|100%|HC|  |TAMS 0x0000000708a00000| PB 0x0000000708a00000| Complete 
|  36|0x0000000708c00000, 0x0000000708e00000, 0x0000000708e00000|100%|HS|  |TAMS 0x0000000708c00000| PB 0x0000000708c00000| Complete 
|  37|0x0000000708e00000, 0x0000000709000000, 0x0000000709000000|100%|HC|  |TAMS 0x0000000708e00000| PB 0x0000000708e00000| Complete 
|  38|0x0000000709000000, 0x0000000709200000, 0x0000000709200000|100%|HS|  |TAMS 0x0000000709000000| PB 0x0000000709000000| Complete 
|  39|0x0000000709200000, 0x0000000709400000, 0x0000000709400000|100%|HC|  |TAMS 0x0000000709200000| PB 0x0000000709200000| Complete 
|  40|0x0000000709400000, 0x0000000709600000, 0x0000000709600000|100%|HS|  |TAMS 0x0000000709400000| PB 0x0000000709400000| Complete 
|  41|0x0000000709600000, 0x0000000709800000, 0x0000000709800000|100%|HC|  |TAMS 0x0000000709600000| PB 0x0000000709600000| Complete 
|  42|0x0000000709800000, 0x0000000709a00000, 0x0000000709a00000|100%|HS|  |TAMS 0x0000000709800000| PB 0x0000000709800000| Complete 
|  43|0x0000000709a00000, 0x0000000709c00000, 0x0000000709c00000|100%|HC|  |TAMS 0x0000000709a00000| PB 0x0000000709a00000| Complete 
|  44|0x0000000709c00000, 0x0000000709e00000, 0x0000000709e00000|100%|HS|  |TAMS 0x0000000709c00000| PB 0x0000000709c00000| Complete 
|  45|0x0000000709e00000, 0x000000070a000000, 0x000000070a000000|100%|HC|  |TAMS 0x0000000709e00000| PB 0x0000000709e00000| Complete 
|  46|0x000000070a000000, 0x000000070a200000, 0x000000070a200000|100%|HS|  |TAMS 0x000000070a000000| PB 0x000000070a000000| Complete 
|  47|0x000000070a200000, 0x000000070a400000, 0x000000070a400000|100%|HC|  |TAMS 0x000000070a200000| PB 0x000000070a200000| Complete 
|  48|0x000000070a400000, 0x000000070a600000, 0x000000070a600000|100%|HS|  |TAMS 0x000000070a400000| PB 0x000000070a400000| Complete 
|  49|0x000000070a600000, 0x000000070a800000, 0x000000070a800000|100%|HC|  |TAMS 0x000000070a600000| PB 0x000000070a600000| Complete 
|  50|0x000000070a800000, 0x000000070aa00000, 0x000000070aa00000|100%|HS|  |TAMS 0x000000070a800000| PB 0x000000070a800000| Complete 
|  51|0x000000070aa00000, 0x000000070ac00000, 0x000000070ac00000|100%|HC|  |TAMS 0x000000070aa00000| PB 0x000000070aa00000| Complete 
|  52|0x000000070ac00000, 0x000000070ae00000, 0x000000070ae00000|100%|HS|  |TAMS 0x000000070ac00000| PB 0x000000070ac00000| Complete 
|  53|0x000000070ae00000, 0x000000070b000000, 0x000000070b000000|100%|HC|  |TAMS 0x000000070ae00000| PB 0x000000070ae00000| Complete 
|  54|0x000000070b000000, 0x000000070b200000, 0x000000070b200000|100%|HS|  |TAMS 0x000000070b000000| PB 0x000000070b000000| Complete 
|  55|0x000000070b200000, 0x000000070b400000, 0x000000070b400000|100%|HC|  |TAMS 0x000000070b200000| PB 0x000000070b200000| Complete 
|  56|0x000000070b400000, 0x000000070b600000, 0x000000070b600000|100%|HS|  |TAMS 0x000000070b400000| PB 0x000000070b400000| Complete 
|  57|0x000000070b600000, 0x000000070b800000, 0x000000070b800000|100%|HC|  |TAMS 0x000000070b600000| PB 0x000000070b600000| Complete 
|  58|0x000000070b800000, 0x000000070ba00000, 0x000000070ba00000|100%| O|  |TAMS 0x000000070b800000| PB 0x000000070b800000| Untracked 
|  59|0x000000070ba00000, 0x000000070bc00000, 0x000000070bc00000|100%| O|  |TAMS 0x000000070ba00000| PB 0x000000070ba00000| Untracked 
|  60|0x000000070bc00000, 0x000000070be00000, 0x000000070be00000|100%| O|  |TAMS 0x000000070bc00000| PB 0x000000070bc00000| Untracked 
|  61|0x000000070be00000, 0x000000070c000000, 0x000000070c000000|100%| O|  |TAMS 0x000000070be00000| PB 0x000000070be00000| Untracked 
|  62|0x000000070c000000, 0x000000070c200000, 0x000000070c200000|100%| O|  |TAMS 0x000000070c000000| PB 0x000000070c000000| Untracked 
|  63|0x000000070c200000, 0x000000070c400000, 0x000000070c400000|100%|HS|  |TAMS 0x000000070c200000| PB 0x000000070c200000| Complete 
|  64|0x000000070c400000, 0x000000070c600000, 0x000000070c600000|100%| O|Cm|TAMS 0x000000070c400000| PB 0x000000070c400000| Complete 
|  65|0x000000070c600000, 0x000000070c800000, 0x000000070c800000|100%|HS|  |TAMS 0x000000070c600000| PB 0x000000070c600000| Complete 
|  66|0x000000070c800000, 0x000000070ca00000, 0x000000070ca00000|100%|HC|  |TAMS 0x000000070c800000| PB 0x000000070c800000| Complete 
|  67|0x000000070ca00000, 0x000000070cc00000, 0x000000070cc00000|100%|HC|  |TAMS 0x000000070ca00000| PB 0x000000070ca00000| Complete 
|  68|0x000000070cc00000, 0x000000070ce00000, 0x000000070ce00000|100%|HC|  |TAMS 0x000000070cc00000| PB 0x000000070cc00000| Complete 
|  69|0x000000070ce00000, 0x000000070d000000, 0x000000070d000000|100%| O|  |TAMS 0x000000070ce00000| PB 0x000000070ce00000| Untracked 
|  70|0x000000070d000000, 0x000000070d200000, 0x000000070d200000|100%| O|  |TAMS 0x000000070d000000| PB 0x000000070d000000| Untracked 
|  71|0x000000070d200000, 0x000000070d400000, 0x000000070d400000|100%| O|  |TAMS 0x000000070d200000| PB 0x000000070d200000| Untracked 
|  72|0x000000070d400000, 0x000000070d600000, 0x000000070d600000|100%| O|  |TAMS 0x000000070d400000| PB 0x000000070d400000| Untracked 
|  73|0x000000070d600000, 0x000000070d800000, 0x000000070d800000|100%| O|  |TAMS 0x000000070d600000| PB 0x000000070d600000| Untracked 
|  74|0x000000070d800000, 0x000000070da00000, 0x000000070da00000|100%| O|  |TAMS 0x000000070d800000| PB 0x000000070d800000| Untracked 
|  75|0x000000070da00000, 0x000000070dc00000, 0x000000070dc00000|100%| O|  |TAMS 0x000000070da00000| PB 0x000000070da00000| Untracked 
|  76|0x000000070dc00000, 0x000000070de00000, 0x000000070de00000|100%| O|  |TAMS 0x000000070dc00000| PB 0x000000070dc00000| Untracked 
|  77|0x000000070de00000, 0x000000070dfe84a0, 0x000000070e000000| 95%| O|  |TAMS 0x000000070de00000| PB 0x000000070de00000| Untracked 
|  78|0x000000070e000000, 0x000000070e200000, 0x000000070e200000|100%|HS|  |TAMS 0x000000070e000000| PB 0x000000070e000000| Complete 
|  79|0x000000070e200000, 0x000000070e400000, 0x000000070e400000|100%|HS|  |TAMS 0x000000070e200000| PB 0x000000070e200000| Complete 
|  80|0x000000070e400000, 0x000000070e600000, 0x000000070e600000|100%|HC|  |TAMS 0x000000070e400000| PB 0x000000070e400000| Complete 
|  81|0x000000070e600000, 0x000000070e800000, 0x000000070e800000|100%|HC|  |TAMS 0x000000070e600000| PB 0x000000070e600000| Complete 
|  82|0x000000070e800000, 0x000000070ea00000, 0x000000070ea00000|100%|HC|  |TAMS 0x000000070e800000| PB 0x000000070e800000| Complete 
|  83|0x000000070ea00000, 0x000000070ec00000, 0x000000070ec00000|100%|HS|  |TAMS 0x000000070ea00000| PB 0x000000070ea00000| Complete 
|  84|0x000000070ec00000, 0x000000070ee00000, 0x000000070ee00000|100%|HC|  |TAMS 0x000000070ec00000| PB 0x000000070ec00000| Complete 
|  85|0x000000070ee00000, 0x000000070f000000, 0x000000070f000000|100%|HC|  |TAMS 0x000000070ee00000| PB 0x000000070ee00000| Complete 
|  86|0x000000070f000000, 0x000000070f200000, 0x000000070f200000|100%|HC|  |TAMS 0x000000070f000000| PB 0x000000070f000000| Complete 
|  87|0x000000070f200000, 0x000000070f400000, 0x000000070f400000|100%|HC|  |TAMS 0x000000070f200000| PB 0x000000070f200000| Complete 
|  88|0x000000070f400000, 0x000000070f600000, 0x000000070f600000|100%|HC|  |TAMS 0x000000070f400000| PB 0x000000070f400000| Complete 
|  89|0x000000070f600000, 0x000000070f800000, 0x000000070f800000|100%|HC|  |TAMS 0x000000070f600000| PB 0x000000070f600000| Complete 
|  90|0x000000070f800000, 0x000000070fa00000, 0x000000070fa00000|100%|HC|  |TAMS 0x000000070f800000| PB 0x000000070f800000| Complete 
|  91|0x000000070fa00000, 0x000000070fc00000, 0x000000070fc00000|100%|HS|  |TAMS 0x000000070fa00000| PB 0x000000070fa00000| Complete 
|  92|0x000000070fc00000, 0x000000070fe00000, 0x000000070fe00000|100%|HC|  |TAMS 0x000000070fc00000| PB 0x000000070fc00000| Complete 
|  93|0x000000070fe00000, 0x0000000710000000, 0x0000000710000000|100%|HC|  |TAMS 0x000000070fe00000| PB 0x000000070fe00000| Complete 
|  94|0x0000000710000000, 0x0000000710200000, 0x0000000710200000|100%|HC|  |TAMS 0x0000000710000000| PB 0x0000000710000000| Complete 
|  95|0x0000000710200000, 0x0000000710400000, 0x0000000710400000|100%|HS|  |TAMS 0x0000000710200000| PB 0x0000000710200000| Complete 
|  96|0x0000000710400000, 0x0000000710600000, 0x0000000710600000|100%|HC|  |TAMS 0x0000000710400000| PB 0x0000000710400000| Complete 
|  97|0x0000000710600000, 0x0000000710800000, 0x0000000710800000|100%|HC|  |TAMS 0x0000000710600000| PB 0x0000000710600000| Complete 
|  98|0x0000000710800000, 0x0000000710a00000, 0x0000000710a00000|100%|HC|  |TAMS 0x0000000710800000| PB 0x0000000710800000| Complete 
|  99|0x0000000710a00000, 0x0000000710c00000, 0x0000000710c00000|100%|HC|  |TAMS 0x0000000710a00000| PB 0x0000000710a00000| Complete 
| 100|0x0000000710c00000, 0x0000000710e00000, 0x0000000710e00000|100%|HC|  |TAMS 0x0000000710c00000| PB 0x0000000710c00000| Complete 
| 101|0x0000000710e00000, 0x0000000711000000, 0x0000000711000000|100%|HC|  |TAMS 0x0000000710e00000| PB 0x0000000710e00000| Complete 
| 102|0x0000000711000000, 0x0000000711200000, 0x0000000711200000|100%|HC|  |TAMS 0x0000000711000000| PB 0x0000000711000000| Complete 
| 103|0x0000000711200000, 0x0000000711400000, 0x0000000711400000|100%| E|CS|TAMS 0x0000000711200000| PB 0x0000000711200000| Complete 
| 104|0x0000000711400000, 0x0000000711600000, 0x0000000711600000|100%| E|CS|TAMS 0x0000000711400000| PB 0x0000000711400000| Complete 
| 105|0x0000000711600000, 0x0000000711800000, 0x0000000711800000|100%| E|CS|TAMS 0x0000000711600000| PB 0x0000000711600000| Complete 
| 106|0x0000000711800000, 0x0000000711a00000, 0x0000000711a00000|100%| E|CS|TAMS 0x0000000711800000| PB 0x0000000711800000| Complete 
| 107|0x0000000711a00000, 0x0000000711c00000, 0x0000000711c00000|100%| E|CS|TAMS 0x0000000711a00000| PB 0x0000000711a00000| Complete 
| 108|0x0000000711c00000, 0x0000000711e00000, 0x0000000711e00000|100%| E|CS|TAMS 0x0000000711c00000| PB 0x0000000711c00000| Complete 
| 109|0x0000000711e00000, 0x0000000712000000, 0x0000000712000000|100%| E|CS|TAMS 0x0000000711e00000| PB 0x0000000711e00000| Complete 
| 110|0x0000000712000000, 0x0000000712200000, 0x0000000712200000|100%| E|CS|TAMS 0x0000000712000000| PB 0x0000000712000000| Complete 
| 111|0x0000000712200000, 0x0000000712400000, 0x0000000712400000|100%| E|CS|TAMS 0x0000000712200000| PB 0x0000000712200000| Complete 
| 112|0x0000000712400000, 0x0000000712600000, 0x0000000712600000|100%| E|CS|TAMS 0x0000000712400000| PB 0x0000000712400000| Complete 
| 113|0x0000000712600000, 0x0000000712800000, 0x0000000712800000|100%| E|CS|TAMS 0x0000000712600000| PB 0x0000000712600000| Complete 
| 114|0x0000000712800000, 0x0000000712a00000, 0x0000000712a00000|100%| E|CS|TAMS 0x0000000712800000| PB 0x0000000712800000| Complete 
| 115|0x0000000712a00000, 0x0000000712c00000, 0x0000000712c00000|100%| E|CS|TAMS 0x0000000712a00000| PB 0x0000000712a00000| Complete 
| 116|0x0000000712c00000, 0x0000000712e00000, 0x0000000712e00000|100%| E|CS|TAMS 0x0000000712c00000| PB 0x0000000712c00000| Complete 
| 117|0x0000000712e00000, 0x0000000713000000, 0x0000000713000000|100%| E|CS|TAMS 0x0000000712e00000| PB 0x0000000712e00000| Complete 
| 118|0x0000000713000000, 0x0000000713200000, 0x0000000713200000|100%| E|CS|TAMS 0x0000000713000000| PB 0x0000000713000000| Complete 
| 119|0x0000000713200000, 0x0000000713400000, 0x0000000713400000|100%| E|CS|TAMS 0x0000000713200000| PB 0x0000000713200000| Complete 
| 120|0x0000000713400000, 0x0000000713600000, 0x0000000713600000|100%| E|CS|TAMS 0x0000000713400000| PB 0x0000000713400000| Complete 
| 121|0x0000000713600000, 0x0000000713800000, 0x0000000713800000|100%| E|CS|TAMS 0x0000000713600000| PB 0x0000000713600000| Complete 
| 122|0x0000000713800000, 0x0000000713a00000, 0x0000000713a00000|100%| E|CS|TAMS 0x0000000713800000| PB 0x0000000713800000| Complete 
| 123|0x0000000713a00000, 0x0000000713a3aa88, 0x0000000713c00000| 11%| E|CS|TAMS 0x0000000713a00000| PB 0x0000000713a00000| Complete 
| 124|0x0000000713c00000, 0x0000000713e00000, 0x0000000713e00000|100%| E|CS|TAMS 0x0000000713c00000| PB 0x0000000713c00000| Complete 
| 125|0x0000000713e00000, 0x0000000714000000, 0x0000000714000000|100%| E|CS|TAMS 0x0000000713e00000| PB 0x0000000713e00000| Complete 
| 126|0x0000000714000000, 0x0000000714200000, 0x0000000714200000|100%| E|CS|TAMS 0x0000000714000000| PB 0x0000000714000000| Complete 
| 127|0x0000000714200000, 0x0000000714400000, 0x0000000714400000|100%| E|CS|TAMS 0x0000000714200000| PB 0x0000000714200000| Complete 
| 128|0x0000000714400000, 0x0000000714600000, 0x0000000714600000|100%| E|CS|TAMS 0x0000000714400000| PB 0x0000000714400000| Complete 
| 129|0x0000000714600000, 0x0000000714800000, 0x0000000714800000|100%| E|CS|TAMS 0x0000000714600000| PB 0x0000000714600000| Complete 
| 130|0x0000000714800000, 0x0000000714a00000, 0x0000000714a00000|100%| E|CS|TAMS 0x0000000714800000| PB 0x0000000714800000| Complete 
| 131|0x0000000714a00000, 0x0000000714c00000, 0x0000000714c00000|100%| E|CS|TAMS 0x0000000714a00000| PB 0x0000000714a00000| Complete 
| 132|0x0000000714c00000, 0x0000000714e00000, 0x0000000714e00000|100%| E|CS|TAMS 0x0000000714c00000| PB 0x0000000714c00000| Complete 
| 133|0x0000000714e00000, 0x0000000715000000, 0x0000000715000000|100%| E|CS|TAMS 0x0000000714e00000| PB 0x0000000714e00000| Complete 
| 134|0x0000000715000000, 0x0000000715200000, 0x0000000715200000|100%|HS|  |TAMS 0x0000000715000000| PB 0x0000000715000000| Complete 
| 135|0x0000000715200000, 0x0000000715400000, 0x0000000715400000|100%|HC|  |TAMS 0x0000000715200000| PB 0x0000000715200000| Complete 
| 136|0x0000000715400000, 0x0000000715600000, 0x0000000715600000|100%|HC|  |TAMS 0x0000000715400000| PB 0x0000000715400000| Complete 
| 137|0x0000000715600000, 0x0000000715800000, 0x0000000715800000|100%|HC|  |TAMS 0x0000000715600000| PB 0x0000000715600000| Complete 
| 138|0x0000000715800000, 0x0000000715a00000, 0x0000000715a00000|100%|HC|  |TAMS 0x0000000715800000| PB 0x0000000715800000| Complete 
| 139|0x0000000715a00000, 0x0000000715c00000, 0x0000000715c00000|100%|HC|  |TAMS 0x0000000715a00000| PB 0x0000000715a00000| Complete 
| 140|0x0000000715c00000, 0x0000000715e00000, 0x0000000715e00000|100%|HC|  |TAMS 0x0000000715c00000| PB 0x0000000715c00000| Complete 
| 141|0x0000000715e00000, 0x0000000716000000, 0x0000000716000000|100%|HC|  |TAMS 0x0000000715e00000| PB 0x0000000715e00000| Complete 

Card table byte_map: [0x0000020721590000,0x0000020721d70000] _byte_map_base: 0x000002071dd6e000

Marking Bits: (CMBitMap*) 0x00000207091f10b0
 Bits: [0x0000020721d70000, 0x0000020725c60000)

Polling page: 0x0000020707180000

Metaspace:

Usage:
  Non-class:     10.97 MB used.
      Class:      1.27 MB used.
       Both:     12.23 MB used.

Virtual space:
  Non-class space:       64.00 MB reserved,      11.06 MB ( 17%) committed,  1 nodes.
      Class space:        1.00 GB reserved,       1.38 MB ( <1%) committed,  1 nodes.
             Both:        1.06 GB reserved,      12.44 MB (  1%) committed. 

Chunk freelists:
   Non-Class:  4.46 MB
       Class:  14.57 MB
        Both:  19.03 MB

MaxMetaspaceSize: unlimited
CompressedClassSpaceSize: 1.00 GB
Initial GC threshold: 21.00 MB
Current GC threshold: 21.00 MB
CDS: on
 - commit_granule_bytes: 65536.
 - commit_granule_words: 8192.
 - virtual_space_node_default_size: 8388608.
 - enlarge_chunks_in_place: 1.
 - use_allocation_guard: 0.


Internal statistics:

num_allocs_failed_limit: 0.
num_arena_births: 168.
num_arena_deaths: 0.
num_vsnodes_births: 2.
num_vsnodes_deaths: 0.
num_space_committed: 199.
num_space_uncommitted: 0.
num_chunks_returned_to_freelist: 0.
num_chunks_taken_from_freelist: 326.
num_chunk_merges: 0.
num_chunk_splits: 218.
num_chunks_enlarged: 142.
num_inconsistent_stats: 0.

CodeHeap 'non-profiled nmethods': size=120000Kb used=884Kb max_used=1199Kb free=119115Kb
 bounds [0x0000020719330000, 0x00000207195a0000, 0x0000020720860000]
CodeHeap 'profiled nmethods': size=120000Kb used=3242Kb max_used=3906Kb free=116757Kb
 bounds [0x0000020711860000, 0x0000020711c40000, 0x0000020718d90000]
CodeHeap 'non-nmethods': size=5760Kb used=1779Kb max_used=1829Kb free=3980Kb
 bounds [0x0000020718d90000, 0x0000020719000000, 0x0000020719330000]
 total_blobs=2491 nmethods=1837 adapters=558
 compilation: enabled
              stopped_count=0, restarted_count=0
 full_count=0

Compilation events (20 events):
Event: 2.117 Thread 0x00000207288ccea0 2070       3       javax.swing.UIDefaults::get (21 bytes)
Event: 2.117 Thread 0x00000207288ccea0 nmethod 2070 0x00000207118d0610 code [0x00000207118d07e0, 0x00000207118d09f0]
Event: 2.118 Thread 0x00000207288bfa30 2071       4       java.lang.Boolean::valueOf (14 bytes)
Event: 2.118 Thread 0x00000207288bfa30 nmethod 2071 0x0000020719352e10 code [0x0000020719352fa0, 0x0000020719353020]
Event: 2.132 Thread 0x00000207288ccea0 2072       3       sun.awt.SunToolkit::checkImage (64 bytes)
Event: 2.132 Thread 0x00000207288ccea0 nmethod 2072 0x000002071187a010 code [0x000002071187a220, 0x000002071187a868]
Event: 2.132 Thread 0x00000207288ccea0 2073       3       sun.awt.image.ImageRepresentation::check (37 bytes)
Event: 2.132 Thread 0x00000207288ccea0 nmethod 2073 0x000002071186f910 code [0x000002071186fae0, 0x000002071186fe18]
Event: 2.132 Thread 0x00000207288ccea0 2074       1       java.awt.ImageMediaEntry::getMedia (5 bytes)
Event: 2.132 Thread 0x00000207288ccea0 nmethod 2074 0x000002071934a790 code [0x000002071934a920, 0x000002071934a9f0]
Event: 2.165 Thread 0x00000207288ccea0 2075  s    3       java.awt.Component::addMouseListener (43 bytes)
Event: 2.166 Thread 0x00000207288ccea0 nmethod 2075 0x000002071187b290 code [0x000002071187b4a0, 0x000002071187be00]
Event: 2.166 Thread 0x00000207288ccea0 2077       3       java.util.Hashtable::rehash (142 bytes)
Event: 2.166 Thread 0x00000207288ccea0 nmethod 2077 0x000002071189ab10 code [0x000002071189ad20, 0x000002071189b430]
Event: 2.166 Thread 0x00000207288ccea0 2076       3       java.awt.AWTEventMulticaster::add (9 bytes)
Event: 2.166 Thread 0x00000207288ccea0 nmethod 2076 0x000002071189c310 code [0x000002071189c4e0, 0x000002071189c988]
Event: 2.167 Thread 0x00000207288bfa30 2078       4       java.lang.Class::reflectionData (43 bytes)
Event: 2.167 Thread 0x00000207288bfa30 nmethod 2078 0x00000207193b8410 code [0x00000207193b85c0, 0x00000207193b8778]
Event: 2.167 Thread 0x00000207288bfa30 2079       4       java.lang.Class::getInterfaces (49 bytes)
Event: 2.170 Thread 0x00000207288bfa30 nmethod 2079 0x000002071937bc90 code [0x000002071937be60, 0x000002071937c2c8]

GC Heap History (13 events):
Event: 0.397 GC heap before
{Heap before GC invocations=0 (full 0):
 garbage-first heap   total 258048K, used 22528K [0x0000000704400000, 0x0000000800000000)
  region size 2048K, 11 young (22528K), 0 survivors (0K)
 Metaspace       used 10547K, committed 10816K, reserved 1114112K
  class space    used 1145K, committed 1280K, reserved 1048576K
}
Event: 0.400 GC heap after
{Heap after GC invocations=1 (full 0):
 garbage-first heap   total 258048K, used 3587K [0x0000000704400000, 0x0000000800000000)
  region size 2048K, 2 young (4096K), 2 survivors (4096K)
 Metaspace       used 10547K, committed 10816K, reserved 1114112K
  class space    used 1145K, committed 1280K, reserved 1048576K
}
Event: 0.725 GC heap before
{Heap before GC invocations=1 (full 0):
 garbage-first heap   total 258048K, used 71171K [0x0000000704400000, 0x0000000800000000)
  region size 2048K, 20 young (40960K), 2 survivors (4096K)
 Metaspace       used 12363K, committed 12608K, reserved 1114112K
  class space    used 1296K, committed 1408K, reserved 1048576K
}
Event: 0.728 GC heap after
{Heap after GC invocations=2 (full 0):
 garbage-first heap   total 258048K, used 38057K [0x0000000704400000, 0x0000000800000000)
  region size 2048K, 1 young (2048K), 1 survivors (2048K)
 Metaspace       used 12363K, committed 12608K, reserved 1114112K
  class space    used 1296K, committed 1408K, reserved 1048576K
}
Event: 1.445 GC heap before
{Heap before GC invocations=2 (full 0):
 garbage-first heap   total 258048K, used 183465K [0x0000000704400000, 0x0000000800000000)
  region size 2048K, 38 young (77824K), 1 survivors (2048K)
 Metaspace       used 12475K, committed 12736K, reserved 1114112K
  class space    used 1296K, committed 1408K, reserved 1048576K
}
Event: 1.447 GC heap after
{Heap after GC invocations=3 (full 0):
 garbage-first heap   total 258048K, used 110962K [0x0000000704400000, 0x0000000800000000)
  region size 2048K, 3 young (6144K), 3 survivors (6144K)
 Metaspace       used 12475K, committed 12736K, reserved 1114112K
  class space    used 1296K, committed 1408K, reserved 1048576K
}
Event: 1.539 GC heap before
{Heap before GC invocations=3 (full 0):
 garbage-first heap   total 258048K, used 131442K [0x0000000704400000, 0x0000000800000000)
  region size 2048K, 10 young (20480K), 3 survivors (6144K)
 Metaspace       used 12484K, committed 12736K, reserved 1114112K
  class space    used 1296K, committed 1408K, reserved 1048576K
}
Event: 1.541 GC heap after
{Heap after GC invocations=4 (full 0):
 garbage-first heap   total 258048K, used 119226K [0x0000000704400000, 0x0000000800000000)
  region size 2048K, 3 young (6144K), 3 survivors (6144K)
 Metaspace       used 12484K, committed 12736K, reserved 1114112K
  class space    used 1296K, committed 1408K, reserved 1048576K
}
Event: 1.778 GC heap before
{Heap before GC invocations=4 (full 0):
 garbage-first heap   total 258048K, used 162234K [0x0000000704400000, 0x0000000800000000)
  region size 2048K, 24 young (49152K), 3 survivors (6144K)
 Metaspace       used 12525K, committed 12736K, reserved 1114112K
  class space    used 1296K, committed 1408K, reserved 1048576K
}
Event: 1.782 GC heap after
{Heap after GC invocations=5 (full 0):
 garbage-first heap   total 258048K, used 149409K [0x0000000704400000, 0x0000000800000000)
  region size 2048K, 8 young (16384K), 8 survivors (16384K)
 Metaspace       used 12525K, committed 12736K, reserved 1114112K
  class space    used 1296K, committed 1408K, reserved 1048576K
}
Event: 1.885 GC heap before
{Heap before GC invocations=6 (full 0):
 garbage-first heap   total 266240K, used 167841K [0x0000000704400000, 0x0000000800000000)
  region size 2048K, 14 young (28672K), 8 survivors (16384K)
 Metaspace       used 12526K, committed 12736K, reserved 1114112K
  class space    used 1296K, committed 1408K, reserved 1048576K
}
Event: 1.889 GC heap after
{Heap after GC invocations=7 (full 0):
 garbage-first heap   total 266240K, used 159883K [0x0000000704400000, 0x0000000800000000)
  region size 2048K, 1 young (2048K), 1 survivors (2048K)
 Metaspace       used 12526K, committed 12736K, reserved 1114112K
  class space    used 1296K, committed 1408K, reserved 1048576K
}
Event: 2.182 GC heap before
{Heap before GC invocations=8 (full 0):
 garbage-first heap   total 290816K, used 288907K [0x0000000704400000, 0x0000000800000000)
  region size 2048K, 31 young (63488K), 1 survivors (2048K)
 Metaspace       used 12528K, committed 12736K, reserved 1114112K
  class space    used 1296K, committed 1408K, reserved 1048576K
}

Dll operation events (9 events):
Event: 0.006 Loaded shared library C:\Program Files\Eclipse Adoptium\jdk-21.0.2.13-hotspot\bin\java.dll
Event: 0.029 Loaded shared library C:\Program Files\Eclipse Adoptium\jdk-21.0.2.13-hotspot\bin\jsvml.dll
Event: 0.044 Loaded shared library C:\Program Files\Eclipse Adoptium\jdk-21.0.2.13-hotspot\bin\net.dll
Event: 0.045 Loaded shared library C:\Program Files\Eclipse Adoptium\jdk-21.0.2.13-hotspot\bin\nio.dll
Event: 0.086 Loaded shared library C:\Program Files\Eclipse Adoptium\jdk-21.0.2.13-hotspot\bin\zip.dll
Event: 0.122 Loaded shared library C:\Program Files\Eclipse Adoptium\jdk-21.0.2.13-hotspot\bin\jimage.dll
Event: 0.135 Loaded shared library C:\Program Files\Eclipse Adoptium\jdk-21.0.2.13-hotspot\bin\awt.dll
Event: 0.461 Loaded shared library C:\Program Files\Eclipse Adoptium\jdk-21.0.2.13-hotspot\bin\freetype.dll
Event: 0.462 Loaded shared library C:\Program Files\Eclipse Adoptium\jdk-21.0.2.13-hotspot\bin\fontmanager.dll

Deoptimization events (20 events):
Event: 1.735 Thread 0x000002076e18ba10 DEOPT PACKING pc=0x0000020711c0e81a sp=0x0000005d4aeff3e0
Event: 1.735 Thread 0x000002076e18ba10 DEOPT UNPACKING pc=0x0000020718de88e2 sp=0x0000005d4aefe858 mode 0
Event: 1.735 Thread 0x000002076e18ba10 DEOPT PACKING pc=0x0000020711c0e81a sp=0x0000005d4aeff3e0
Event: 1.735 Thread 0x000002076e18ba10 DEOPT UNPACKING pc=0x0000020718de88e2 sp=0x0000005d4aefe858 mode 0
Event: 1.735 Thread 0x000002076e18ba10 DEOPT PACKING pc=0x0000020711c0e81a sp=0x0000005d4aeff3e0
Event: 1.735 Thread 0x000002076e18ba10 DEOPT UNPACKING pc=0x0000020718de88e2 sp=0x0000005d4aefe858 mode 0
Event: 1.735 Thread 0x000002076e18ba10 DEOPT PACKING pc=0x0000020711c0e81a sp=0x0000005d4aeff3e0
Event: 1.735 Thread 0x000002076e18ba10 DEOPT UNPACKING pc=0x0000020718de88e2 sp=0x0000005d4aefe858 mode 0
Event: 1.736 Thread 0x000002076e18ba10 DEOPT PACKING pc=0x0000020711c0e81a sp=0x0000005d4aeff3e0
Event: 1.736 Thread 0x000002076e18ba10 DEOPT UNPACKING pc=0x0000020718de88e2 sp=0x0000005d4aefe858 mode 0
Event: 1.736 Thread 0x000002076e18ba10 DEOPT PACKING pc=0x0000020711c0e81a sp=0x0000005d4aeff3e0
Event: 1.736 Thread 0x000002076e18ba10 DEOPT UNPACKING pc=0x0000020718de88e2 sp=0x0000005d4aefe858 mode 0
Event: 1.736 Thread 0x000002076e18ba10 DEOPT PACKING pc=0x0000020711c0e81a sp=0x0000005d4aeff3e0
Event: 1.736 Thread 0x000002076e18ba10 DEOPT UNPACKING pc=0x0000020718de88e2 sp=0x0000005d4aefe858 mode 0
Event: 1.736 Thread 0x000002076e18ba10 DEOPT PACKING pc=0x0000020711c0e81a sp=0x0000005d4aeff3e0
Event: 1.736 Thread 0x000002076e18ba10 DEOPT UNPACKING pc=0x0000020718de88e2 sp=0x0000005d4aefe858 mode 0
Event: 1.737 Thread 0x000002076e18ba10 DEOPT PACKING pc=0x0000020711c0e81a sp=0x0000005d4aeff3e0
Event: 1.737 Thread 0x000002076e18ba10 DEOPT UNPACKING pc=0x0000020718de88e2 sp=0x0000005d4aefe858 mode 0
Event: 1.737 Thread 0x000002076e18ba10 DEOPT PACKING pc=0x0000020711c0e81a sp=0x0000005d4aeff3e0
Event: 1.737 Thread 0x000002076e18ba10 DEOPT UNPACKING pc=0x0000020718de88e2 sp=0x0000005d4aefe858 mode 0

Classes loaded (20 events):
Event: 0.483 Loading class javax/swing/text/DefaultCaret$1
Event: 0.483 Loading class javax/swing/text/DefaultCaret$1 done
Event: 0.483 Loading class javax/swing/event/UndoableEditEvent
Event: 0.484 Loading class javax/swing/event/UndoableEditEvent done
Event: 0.484 Loading class javax/swing/text/AbstractDocument$DefaultDocumentEventUndoableWrapper
Event: 0.484 Loading class sun/swing/text/UndoableEditLockSupport
Event: 0.484 Loading class sun/swing/text/UndoableEditLockSupport done
Event: 0.484 Loading class javax/swing/text/AbstractDocument$DefaultDocumentEventUndoableWrapper done
Event: 0.484 Loading class javax/swing/event/UndoableEditListener
Event: 0.484 Loading class javax/swing/event/UndoableEditListener done
Event: 0.484 Loading class javax/swing/text/WrappedPlainView
Event: 0.484 Loading class javax/swing/text/BoxView
Event: 0.484 Loading class javax/swing/text/CompositeView
Event: 0.484 Loading class javax/swing/text/CompositeView done
Event: 0.484 Loading class javax/swing/text/BoxView done
Event: 0.484 Loading class javax/swing/text/WrappedPlainView done
Event: 0.484 Loading class javax/swing/text/WrappedPlainView$WrappedLine
Event: 0.484 Loading class javax/swing/text/WrappedPlainView$WrappedLine done
Event: 0.484 Loading class java/util/Arrays$ArrayItr
Event: 0.484 Loading class java/util/Arrays$ArrayItr done

Classes unloaded (0 events):
No events

Classes redefined (0 events):
No events

Internal exceptions (20 events):
Event: 0.199 Thread 0x000002076e1117e0 Exception <a 'java/lang/NoSuchMethodError'{0x0000000713410a70}: 'java.lang.Object java.lang.invoke.DirectMethodHandle$Holder.invokeStatic(java.lang.Object, int, java.lang.Object)'> (0x0000000713410a70) 
thrown [s\src\hotspot\share\interpreter\linkResolver.cpp, line 773]
Event: 0.210 Thread 0x000002076e1117e0 Exception <a 'java/lang/ClassNotFoundException'{0x00000007134afcb8}: com/sun/swing/internal/plaf/metal/resources/spi/metalProvider> (0x00000007134afcb8) 
thrown [s\src\hotspot\share\classfile\systemDictionary.cpp, line 312]
Event: 0.211 Thread 0x000002076e1117e0 Exception <a 'java/lang/ClassNotFoundException'{0x00000007134b3c68}: com/sun/swing/internal/plaf/basic/resources/spi/basicProvider> (0x00000007134b3c68) 
thrown [s\src\hotspot\share\classfile\systemDictionary.cpp, line 312]
Event: 0.216 Thread 0x000002076e1117e0 Implicit null exception at 0x0000020719352fbd to 0x0000020719353041
Event: 0.219 Thread 0x000002076e1117e0 Exception <a 'java/lang/NoSuchMethodError'{0x00000007134d2fe8}: 'int java.lang.invoke.Invokers$Holder.invokeExact_MT(java.lang.Object, java.lang.Object)'> (0x00000007134d2fe8) 
thrown [s\src\hotspot\share\interpreter\linkResolver.cpp, line 773]
Event: 0.223 Thread 0x000002076e1117e0 Implicit null exception at 0x00000207193747ad to 0x0000020719375258
Event: 0.228 Thread 0x000002076e18ba10 Exception <a 'java/lang/NoSuchMethodError'{0x00000007134f0dd8}: 'java.lang.Object java.lang.invoke.DirectMethodHandle$Holder.newInvokeSpecial(java.lang.Object, java.lang.Object, java.lang.Object, int, int, int, int, int)'> (0x00000007134f0dd8) 
thrown [s\src\hotspot\share\interpreter\linkResolver.cpp, line 773]
Event: 0.258 Thread 0x000002076e1117e0 Exception <a 'java/lang/NoSuchMethodError'{0x00000007135bf5f0}: 'void java.lang.invoke.DirectMethodHandle$Holder.invokeStatic(java.lang.Object, java.lang.Object)'> (0x00000007135bf5f0) 
thrown [s\src\hotspot\share\interpreter\linkResolver.cpp, line 773]
Event: 0.262 Thread 0x000002076e1117e0 Exception <a 'sun/nio/fs/WindowsException'{0x00000007135de1b8}> (0x00000007135de1b8) 
thrown [s\src\hotspot\share\prims\jni.cpp, line 520]
Event: 0.286 Thread 0x000002076e1117e0 Exception <a 'java/lang/NoSuchMethodError'{0x0000000713323300}: 'void java.lang.invoke.DirectMethodHandle$Holder.invokeStatic(java.lang.Object, java.lang.Object, java.lang.Object)'> (0x0000000713323300) 
thrown [s\src\hotspot\share\interpreter\linkResolver.cpp, line 773]
Event: 0.287 Thread 0x000002076e1117e0 Exception <a 'java/lang/NoSuchMethodError'{0x000000071332bf78}: 'java.lang.Object java.lang.invoke.DirectMethodHandle$Holder.invokeVirtual(java.lang.Object, java.lang.Object, java.lang.Object)'> (0x000000071332bf78) 
thrown [s\src\hotspot\share\interpreter\linkResolver.cpp, line 773]
Event: 0.327 Thread 0x000002076e1117e0 Exception <a 'sun/nio/fs/WindowsException'{0x0000000712f3e040}> (0x0000000712f3e040) 
thrown [s\src\hotspot\share\prims\jni.cpp, line 520]
Event: 0.334 Thread 0x000002076e1117e0 Exception <a 'java/lang/ClassNotFoundException'{0x0000000712f47fb8}: jdk/net/ExtendedSocketOptions> (0x0000000712f47fb8) 
thrown [s\src\hotspot\share\classfile\systemDictionary.cpp, line 312]
Event: 0.426 Thread 0x000002076e1117e0 Exception <a 'java/lang/NoSuchMethodError'{0x0000000713c68198}: 'void java.lang.invoke.DirectMethodHandle$Holder.invokeStaticInit(java.lang.Object, java.lang.Object)'> (0x0000000713c68198) 
thrown [s\src\hotspot\share\interpreter\linkResolver.cpp, line 773]
Event: 1.291 Thread 0x000002076e18ba10 Implicit null exception at 0x0000020719424351 to 0x000002071942806c
Event: 1.309 Thread 0x000002076f66f010 Implicit null exception at 0x0000020719424351 to 0x000002071942806c
Event: 1.324 Thread 0x000002076e18ba10 Implicit null exception at 0x0000020719424351 to 0x000002071942806c
Event: 1.344 Thread 0x000002076f66f010 Implicit null exception at 0x0000020719424351 to 0x000002071942806c
Event: 1.601 Thread 0x000002076e18ba10 Implicit null exception at 0x0000020719436b70 to 0x000002071943a87c
Event: 1.605 Thread 0x000002076f66f010 Implicit null exception at 0x0000020719436b70 to 0x000002071943a87c

ZGC Phase Switch (0 events):
No events

VM Operations (20 events):
Event: 0.453 Executing VM operation: HandshakeAllThreads (Deoptimize) done
Event: 0.725 Executing VM operation: G1CollectForAllocation (G1 Evacuation Pause)
Event: 0.728 Executing VM operation: G1CollectForAllocation (G1 Evacuation Pause) done
Event: 1.445 Executing VM operation: G1CollectForAllocation (G1 Evacuation Pause)
Event: 1.447 Executing VM operation: G1CollectForAllocation (G1 Evacuation Pause) done
Event: 1.539 Executing VM operation: G1TryInitiateConcMark (G1 Humongous Allocation)
Event: 1.541 Executing VM operation: G1TryInitiateConcMark (G1 Humongous Allocation) done
Event: 1.778 Executing VM operation: G1TryInitiateConcMark (G1 Humongous Allocation)
Event: 1.782 Executing VM operation: G1TryInitiateConcMark (G1 Humongous Allocation) done
Event: 1.785 Executing VM operation: G1PauseRemark
Event: 1.786 Executing VM operation: G1PauseRemark done
Event: 1.786 Executing VM operation: G1PauseCleanup
Event: 1.786 Executing VM operation: G1PauseCleanup done
Event: 1.885 Executing VM operation: G1TryInitiateConcMark (G1 Humongous Allocation)
Event: 1.889 Executing VM operation: G1TryInitiateConcMark (G1 Humongous Allocation) done
Event: 1.892 Executing VM operation: G1PauseRemark
Event: 1.893 Executing VM operation: G1PauseRemark done
Event: 1.894 Executing VM operation: G1PauseCleanup
Event: 1.894 Executing VM operation: G1PauseCleanup done
Event: 2.182 Executing VM operation: G1CollectForAllocation (G1 Evacuation Pause)

Events (20 events):
Event: 1.893 Thread 0x0000020728897010 flushing nmethod 0x000002071937bc90
Event: 1.893 Thread 0x0000020728897010 flushing nmethod 0x000002071937fa10
Event: 1.893 Thread 0x0000020728897010 flushing nmethod 0x000002071937ad90
Event: 1.893 Thread 0x0000020728897010 flushing nmethod 0x000002071935c590
Event: 1.893 Thread 0x0000020728897010 flushing nmethod 0x000002071935b090
Event: 1.893 Thread 0x0000020728897010 flushing nmethod 0x000002071934a790
Event: 1.893 Thread 0x0000020728897010 flushing nmethod 0x0000020719357c90
Event: 1.893 Thread 0x0000020728897010 flushing nmethod 0x0000020719349290
Event: 1.893 Thread 0x0000020728897010 flushing nmethod 0x0000020719358510
Event: 1.893 Thread 0x0000020728897010 flushing nmethod 0x000002071934f410
Event: 1.893 Thread 0x0000020728897010 flushing nmethod 0x0000020719352e10
Event: 1.893 Thread 0x0000020728897010 flushing nmethod 0x0000020719341b90
Event: 1.893 Thread 0x0000020728897010 flushing nmethod 0x0000020719341090
Event: 1.893 Thread 0x0000020728897010 flushing nmethod 0x000002071934c810
Event: 1.893 Thread 0x0000020728897010 flushing nmethod 0x0000020719348990
Event: 1.893 Thread 0x0000020728897010 flushing nmethod 0x0000020719348690
Event: 1.893 Thread 0x0000020728897010 flushing nmethod 0x000002071934c290
Event: 1.893 Thread 0x0000020728897010 flushing nmethod 0x0000020719339710
Event: 1.893 Thread 0x0000020728897010 flushing nmethod 0x0000020719339310
Event: 1.893 Thread 0x0000020728897010 flushing nmethod 0x0000020719330a10


Dynamic libraries:
0x00007ff686330000 - 0x00007ff68633e000 	C:\Program Files\Eclipse Adoptium\jdk-21.0.2.13-hotspot\bin\java.exe
0x00007ffbd3b70000 - 0x00007ffbd3d86000 	C:\Windows\SYSTEM32\ntdll.dll
0x00007ffbd22b0000 - 0x00007ffbd2374000 	C:\Windows\System32\KERNEL32.DLL
0x00007ffbd1100000 - 0x00007ffbd14a7000 	C:\Windows\System32\KERNELBASE.dll
0x00007ffbd1780000 - 0x00007ffbd1891000 	C:\Windows\System32\ucrtbase.dll
0x00007ffbc6920000 - 0x00007ffbc6938000 	C:\Program Files\Eclipse Adoptium\jdk-21.0.2.13-hotspot\bin\jli.dll
0x00007ffbb9800000 - 0x00007ffbb981b000 	C:\Program Files\Eclipse Adoptium\jdk-21.0.2.13-hotspot\bin\VCRUNTIME140.dll
0x00007ffbd3580000 - 0x00007ffbd372e000 	C:\Windows\System32\USER32.dll
0x00007ffbd0f60000 - 0x00007ffbd0f86000 	C:\Windows\System32\win32u.dll
0x00007ffbb3bb0000 - 0x00007ffbb3e43000 	C:\Windows\WinSxS\amd64_microsoft.windows.common-controls_6595b64144ccf1df_6.0.22621.3235_none_270f74e173860f98\COMCTL32.dll
0x00007ffbd2f40000 - 0x00007ffbd2f69000 	C:\Windows\System32\GDI32.dll
0x00007ffbd3730000 - 0x00007ffbd37d7000 	C:\Windows\System32\msvcrt.dll
0x00007ffbd14b0000 - 0x00007ffbd15c9000 	C:\Windows\System32\gdi32full.dll
0x00007ffbd0ec0000 - 0x00007ffbd0f5a000 	C:\Windows\System32\msvcp_win.dll
0x00007ffbd1a10000 - 0x00007ffbd1a41000 	C:\Windows\System32\IMM32.DLL
0x00007ffbc6f60000 - 0x00007ffbc6f6c000 	C:\Program Files\Eclipse Adoptium\jdk-21.0.2.13-hotspot\bin\vcruntime140_1.dll
0x00007ffb7c890000 - 0x00007ffb7c91e000 	C:\Program Files\Eclipse Adoptium\jdk-21.0.2.13-hotspot\bin\msvcp140.dll
0x00007ffb2e200000 - 0x00007ffb2ef83000 	C:\Program Files\Eclipse Adoptium\jdk-21.0.2.13-hotspot\bin\server\jvm.dll
0x00007ffbd18a0000 - 0x00007ffbd1952000 	C:\Windows\System32\ADVAPI32.dll
0x00007ffbd1a60000 - 0x00007ffbd1b08000 	C:\Windows\System32\sechost.dll
0x00007ffbd0e90000 - 0x00007ffbd0eb8000 	C:\Windows\System32\bcrypt.dll
0x00007ffbd1ea0000 - 0x00007ffbd1fb5000 	C:\Windows\System32\RPCRT4.dll
0x00007ffbd2f80000 - 0x00007ffbd2ff1000 	C:\Windows\System32\WS2_32.dll
0x00007ffbcfd30000 - 0x00007ffbcfd7d000 	C:\Windows\SYSTEM32\POWRPROF.dll
0x00007ffbc6760000 - 0x00007ffbc6794000 	C:\Windows\SYSTEM32\WINMM.dll
0x00007ffbc66f0000 - 0x00007ffbc66fa000 	C:\Windows\SYSTEM32\VERSION.dll
0x00007ffbcfd10000 - 0x00007ffbcfd23000 	C:\Windows\SYSTEM32\UMPDC.dll
0x00007ffbcffc0000 - 0x00007ffbcffd8000 	C:\Windows\SYSTEM32\kernel.appcore.dll
0x00007ffbba0a0000 - 0x00007ffbba0aa000 	C:\Program Files\Eclipse Adoptium\jdk-21.0.2.13-hotspot\bin\jimage.dll
0x00007ffbce6e0000 - 0x00007ffbce913000 	C:\Windows\SYSTEM32\DBGHELP.DLL
0x00007ffbd1b10000 - 0x00007ffbd1e98000 	C:\Windows\System32\combase.dll
0x00007ffbd2070000 - 0x00007ffbd2147000 	C:\Windows\System32\OLEAUT32.dll
0x00007ffbc23b0000 - 0x00007ffbc23e2000 	C:\Windows\SYSTEM32\dbgcore.DLL
0x00007ffbd15d0000 - 0x00007ffbd1649000 	C:\Windows\System32\bcryptPrimitives.dll
0x00007ffbb8dc0000 - 0x00007ffbb8ddf000 	C:\Program Files\Eclipse Adoptium\jdk-21.0.2.13-hotspot\bin\java.dll
0x00007ffbd26c0000 - 0x00007ffbd2f1c000 	C:\Windows\System32\SHELL32.dll
0x00007ffbcedc0000 - 0x00007ffbcf6b9000 	C:\Windows\SYSTEM32\windows.storage.dll
0x00007ffbcec80000 - 0x00007ffbcedbe000 	C:\Windows\SYSTEM32\wintypes.dll
0x00007ffbd2530000 - 0x00007ffbd2623000 	C:\Windows\System32\SHCORE.dll
0x00007ffbd19b0000 - 0x00007ffbd1a0e000 	C:\Windows\System32\shlwapi.dll
0x00007ffbd0dc0000 - 0x00007ffbd0de1000 	C:\Windows\SYSTEM32\profapi.dll
0x00007ffb7c7b0000 - 0x00007ffb7c887000 	C:\Program Files\Eclipse Adoptium\jdk-21.0.2.13-hotspot\bin\jsvml.dll
0x00007ffbba020000 - 0x00007ffbba030000 	C:\Program Files\Eclipse Adoptium\jdk-21.0.2.13-hotspot\bin\net.dll
0x00007ffbc8220000 - 0x00007ffbc8356000 	C:\Windows\SYSTEM32\WINHTTP.dll
0x00007ffbd0430000 - 0x00007ffbd0499000 	C:\Windows\system32\mswsock.dll
0x00007ffbb8da0000 - 0x00007ffbb8db6000 	C:\Program Files\Eclipse Adoptium\jdk-21.0.2.13-hotspot\bin\nio.dll
0x00007ffbb8d40000 - 0x00007ffbb8d58000 	C:\Program Files\Eclipse Adoptium\jdk-21.0.2.13-hotspot\bin\zip.dll
0x00007ffb78e20000 - 0x00007ffb78fad000 	C:\Program Files\Eclipse Adoptium\jdk-21.0.2.13-hotspot\bin\awt.dll
0x00007ffbcb480000 - 0x00007ffbcb517000 	C:\Windows\SYSTEM32\apphelp.dll
0x00007ffbcb590000 - 0x00007ffbcb63b000 	C:\Windows\system32\uxtheme.dll
0x00007ffbd2150000 - 0x00007ffbd22a3000 	C:\Windows\System32\MSCTF.dll
0x00007ffbd2380000 - 0x00007ffbd2525000 	C:\Windows\System32\ole32.dll
0x00007ffbcb810000 - 0x00007ffbcb83b000 	C:\Windows\system32\DWMAPI.DLL
0x00007ffbb8950000 - 0x00007ffbb8a50000 	C:\Windows\system32\opengl32.dll
0x00007ffbba420000 - 0x00007ffbba44d000 	C:\Windows\SYSTEM32\GLU32.dll
0x00007ffbce130000 - 0x00007ffbce169000 	C:\Windows\SYSTEM32\dxcore.dll
0x00007ffbcf9d0000 - 0x00007ffbcfac9000 	C:\Windows\SYSTEM32\DNSAPI.dll
0x00007ffbcf9a0000 - 0x00007ffbcf9cd000 	C:\Windows\SYSTEM32\IPHLPAPI.DLL
0x00007ffbd1a50000 - 0x00007ffbd1a59000 	C:\Windows\System32\NSI.dll
0x00007ffbc6700000 - 0x00007ffbc670a000 	C:\Windows\System32\rasadhlp.dll
0x00007ffbc6130000 - 0x00007ffbc61b3000 	C:\Windows\System32\fwpuclnt.dll
0x00007ffb7c720000 - 0x00007ffb7c7a7000 	C:\Program Files\Eclipse Adoptium\jdk-21.0.2.13-hotspot\bin\freetype.dll
0x00007ffb6b830000 - 0x00007ffb6b912000 	C:\Program Files\Eclipse Adoptium\jdk-21.0.2.13-hotspot\bin\fontmanager.dll

dbghelp: loaded successfully - version: 4.0.5 - missing functions: none
symbol engine: initialized successfully - sym options: 0x614 - pdb path: .;C:\Program Files\Eclipse Adoptium\jdk-21.0.2.13-hotspot\bin;C:\Windows\SYSTEM32;C:\Windows\WinSxS\amd64_microsoft.windows.common-controls_6595b64144ccf1df_6.0.22621.3235_none_270f74e173860f98;C:\Program Files\Eclipse Adoptium\jdk-21.0.2.13-hotspot\bin\server

VM Arguments:
jvm_args: -XX:+ShowCodeDetailsInExceptionMessages --module-path=E:\Code\JavaNew\doAnSuperReal\bin;E:\Code\JavaNew\doAnSuperReal\src\lib\jcalendar-1.4.jar;E:\Code\JavaNew\doAnSuperReal\src\lib\jgoodies-common-1.2.0.jar;E:\Code\JavaNew\doAnSuperReal\src\lib\jgoodies-looks-2.4.1.jar;E:\Code\JavaNew\doAnSuperReal\src\lib\junit-4.6.jar;E:\Code\JavaNew\doAnSuperReal\src\lib\mysql-connector-java-8.0.30.jar;E:\Code\JavaNew\doAnSuperReal\src\lib\protobuf-java-3.19.4.jar -Djdk.module.main=projectJava 
java_command: projectJava/GUI.Viewtrangchu
java_class_path (initial): E:\Code\JavaNew\doAnSuperReal\jgoodies-common-1.8.0.jar;E:\Code\JavaNew\doAnSuperReal\jgoodies-forms-1.8.0.jar
Launcher Type: SUN_STANDARD

[Global flags]
     intx CICompilerCount                          = 4                                         {product} {ergonomic}
     uint ConcGCThreads                            = 3                                         {product} {ergonomic}
     uint G1ConcRefinementThreads                  = 10                                        {product} {ergonomic}
   size_t G1HeapRegionSize                         = 2097152                                   {product} {ergonomic}
    uintx GCDrainStackTargetSize                   = 64                                        {product} {ergonomic}
   size_t InitialHeapSize                          = 264241152                                 {product} {ergonomic}
   size_t MarkStackSize                            = 4194304                                   {product} {ergonomic}
   size_t MaxHeapSize                              = 4223664128                                {product} {ergonomic}
   size_t MaxNewSize                               = 2533359616                                {product} {ergonomic}
   size_t MinHeapDeltaBytes                        = 2097152                                   {product} {ergonomic}
   size_t MinHeapSize                              = 8388608                                   {product} {ergonomic}
    uintx NonNMethodCodeHeapSize                   = 5839372                                {pd product} {ergonomic}
    uintx NonProfiledCodeHeapSize                  = 122909434                              {pd product} {ergonomic}
    uintx ProfiledCodeHeapSize                     = 122909434                              {pd product} {ergonomic}
    uintx ReservedCodeCacheSize                    = 251658240                              {pd product} {ergonomic}
     bool SegmentedCodeCache                       = true                                      {product} {ergonomic}
     bool ShowCodeDetailsInExceptionMessages       = true                                   {manageable} {command line}
   size_t SoftMaxHeapSize                          = 4223664128                             {manageable} {ergonomic}
     bool UseCompressedOops                        = true                           {product lp64_product} {ergonomic}
     bool UseG1GC                                  = true                                      {product} {ergonomic}
     bool UseLargePagesIndividualAllocation        = false                                  {pd product} {ergonomic}

Logging:
Log output configuration:
 #0: stdout all=warning uptime,level,tags foldmultilines=false
 #1: stderr all=off uptime,level,tags foldmultilines=false

Environment Variables:
PATH=C:\Program Files\Eclipse Adoptium\jdk-21.0.2.13-hotspot\bin;C:\Program Files\Microsoft\jdk-11.0.16.101-hotspot\bin;C:\Program Files\Common Files\Oracle\Java\javapath;C:\Windows\system32;C:\Windows;C:\Windows\System32\Wbem;C:\Windows\System32\WindowsPowerShell\v1.0\;C:\Windows\System32\OpenSSH\;C:\Program Files (x86)\NVIDIA Corporation\PhysX\Common;C:\Program Files\NVIDIA Corporation\NVIDIA NvDLISR;C:\jdk-21_windows-x64_bin\jdk-21\bin;C:\MinGW\bin;C:\Program Files (x86)\Microsoft SQL Server\160\Tools\Binn\;C:\Program Files\Microsoft SQL Server\160\Tools\Binn\;C:\Program Files\Microsoft SQL Server\Client SDK\ODBC\170\Tools\Binn\;C:\Program Files\Microsoft SQL Server\160\DTS\Binn\;C:\Program Files (x86)\Microsoft SQL Server\160\DTS\Binn\;C:\Program Files\Azure Data Studio\bin;C:\Program Files (x86)\Windows Kits\10\Windows Performance Toolkit\;C:\Program Files\dotnet\;C:\Program Files\Git\cmd;E:\Code\Python\Doanreal\Scripts;E:\Scripts\;E:\;C:\Users\NHAT NAM\AppData\Local\Programs\Python\Python312\Scripts\;C:\Users\NHAT NAM\AppData\Local\Programs\Python\Python312\;C:\Users\NHAT NAM\AppData\Local\Programs\Python\Launcher\;C:\Users\NHAT NAM\AppData\Local\Microsoft\WindowsApps;C:\Users\NHAT NAM\AppData\Local\Programs\Microsoft VS Code\bin;C:\Program Files\Azure Data Studio\bin;C:\Users\NHAT NAM\.dotnet\tools
USERNAME=NHAT NAM
LANG=en_US.UTF-8
OS=Windows_NT
PROCESSOR_IDENTIFIER=Intel64 Family 6 Model 141 Stepping 1, GenuineIntel
TMP=C:\Users\NHATNA~1\AppData\Local\Temp
TEMP=C:\Users\NHATNA~1\AppData\Local\Temp




Periodic native trim disabled

---------------  S Y S T E M  ---------------

OS:
 Windows 11 , 64 bit Build 22621 (10.0.22621.3374)
OS uptime: 8 days 8:23 hours
Hyper-V role detected

CPU: total 12 (initial active 12) (6 cores per cpu, 2 threads per core) family 6 model 141 stepping 1 microcode 0x34, cx8, cmov, fxsr, ht, mmx, 3dnowpref, sse, sse2, sse3, ssse3, sse4.1, sse4.2, popcnt, lzcnt, tsc, tscinvbit, avx, avx2, aes, erms, clmul, bmi1, bmi2, adx, avx512f, avx512dq, avx512cd, avx512bw, avx512vl, sha, fma, vzeroupper, avx512_vpopcntdq, avx512_vpclmulqdq, avx512_vaes, avx512_vnni, clflush, clflushopt, clwb, avx512_vbmi2, avx512_vbmi, hv, rdtscp, rdpid, fsrm, gfni, avx512_bitalg, f16c, cet_ibt, cet_ss, avx512_ifma
Processor Information for all 12 processors :
  Max Mhz: 2688, Current Mhz: 2688, Mhz Limit: 2688

Memory: 4k page, system-wide physical 16106M (4794M free)
TotalPageFile size 52055M (AvailPageFile size 6M)
current process WorkingSet (physical memory assigned to process): 360M, peak: 360M
current process commit charge ("private bytes"): 412M, peak: 414M

vm_info: OpenJDK 64-Bit Server VM (21.0.2+13-LTS) for windows-amd64 JRE (21.0.2+13-LTS), built on 2024-01-16T00:00:00Z by "admin" with unknown MS VC++:1937

END.
